{"numFailedTestSuites":1,"numFailedTests":15,"numPassedTestSuites":1,"numPassedTests":40,"numPendingTestSuites":0,"numPendingTests":0,"numRuntimeErrorTestSuites":0,"numTodoTests":0,"numTotalTestSuites":2,"numTotalTests":55,"openHandles":[],"snapshot":{"added":0,"didUpdate":false,"failure":false,"filesAdded":0,"filesRemoved":0,"filesRemovedList":[],"filesUnmatched":0,"filesUpdated":0,"matched":0,"total":0,"unchecked":0,"uncheckedKeysByFile":[],"unmatched":0,"updated":0},"startTime":1745577784406,"success":false,"testResults":[{"assertionResults":[{"ancestorTitles":["Authentication Check"],"duration":14,"failureDetails":[],"failureMessages":[],"fullName":"Authentication Check checkAuth should verify user credentials","invocations":1,"location":null,"numPassingAsserts":2,"retryReasons":[],"status":"passed","title":"checkAuth should verify user credentials"},{"ancestorTitles":["Authentication Check"],"duration":1,"failureDetails":[],"failureMessages":[],"fullName":"Authentication Check checkAuth should return false for missing data","invocations":1,"location":null,"numPassingAsserts":2,"retryReasons":[],"status":"passed","title":"checkAuth should return false for missing data"},{"ancestorTitles":["Authentication Check"],"duration":2,"failureDetails":[],"failureMessages":[],"fullName":"Authentication Check checkAuth should handle storage errors","invocations":1,"location":null,"numPassingAsserts":1,"retryReasons":[],"status":"passed","title":"checkAuth should handle storage errors"},{"ancestorTitles":["Redirection Functions"],"duration":4,"failureDetails":[],"failureMessages":[],"fullName":"Redirection Functions redirectToLogin should clear storage and redirect","invocations":1,"location":null,"numPassingAsserts":2,"retryReasons":[],"status":"passed","title":"redirectToLogin should clear storage and redirect"},{"ancestorTitles":["Redirection Functions"],"duration":2,"failureDetails":[],"failureMessages":[],"fullName":"Redirection Functions redirectToApp should redirect authenticated users to index.html","invocations":1,"location":null,"numPassingAsserts":1,"retryReasons":[],"status":"passed","title":"redirectToApp should redirect authenticated users to index.html"},{"ancestorTitles":["Redirection Functions"],"duration":1,"failureDetails":[],"failureMessages":[],"fullName":"Redirection Functions redirectToApp should redirect unauthenticated users to login","invocations":1,"location":null,"numPassingAsserts":1,"retryReasons":[],"status":"passed","title":"redirectToApp should redirect unauthenticated users to login"},{"ancestorTitles":["Redirection Functions"],"duration":1,"failureDetails":[],"failureMessages":[],"fullName":"Redirection Functions redirectToApp should handle missing storage data","invocations":1,"location":null,"numPassingAsserts":1,"retryReasons":[],"status":"passed","title":"redirectToApp should handle missing storage data"},{"ancestorTitles":["Redirection Functions"],"duration":1,"failureDetails":[],"failureMessages":[],"fullName":"Redirection Functions redirectToLogin should handle storage errors","invocations":1,"location":null,"numPassingAsserts":2,"retryReasons":[],"status":"passed","title":"redirectToLogin should handle storage errors"},{"ancestorTitles":["Password Toggle Functionality"],"duration":1,"failureDetails":[],"failureMessages":[],"fullName":"Password Toggle Functionality setupPasswordToggle should toggle password visibility","invocations":1,"location":null,"numPassingAsserts":1,"retryReasons":[],"status":"passed","title":"setupPasswordToggle should toggle password visibility"},{"ancestorTitles":["Password Toggle Functionality"],"duration":0,"failureDetails":[],"failureMessages":[],"fullName":"Password Toggle Functionality setupPasswordToggle should handle missing elements","invocations":1,"location":null,"numPassingAsserts":0,"retryReasons":[],"status":"passed","title":"setupPasswordToggle should handle missing elements"},{"ancestorTitles":["DOM Event Handlers"],"duration":1,"failureDetails":[],"failureMessages":[],"fullName":"DOM Event Handlers login form should handle valid credentials","invocations":1,"location":null,"numPassingAsserts":0,"retryReasons":[],"status":"passed","title":"login form should handle valid credentials"},{"ancestorTitles":["DOM Event Handlers"],"duration":0,"failureDetails":[],"failureMessages":[],"fullName":"DOM Event Handlers login form should handle invalid credentials","invocations":1,"location":null,"numPassingAsserts":0,"retryReasons":[],"status":"passed","title":"login form should handle invalid credentials"}],"endTime":1745577788145,"message":"","name":"C:\\Users\\PC\\Desktop\\app\\PROJECT-Task-scheduler\\tests\\redirect.test.js","startTime":1745577786338,"status":"passed","summary":""},{"assertionResults":[{"ancestorTitles":["Storage Functions"],"duration":18,"failureDetails":[],"failureMessages":[],"fullName":"Storage Functions loadFromStorage should handle empty storage","invocations":1,"location":null,"numPassingAsserts":3,"retryReasons":[],"status":"passed","title":"loadFromStorage should handle empty storage"},{"ancestorTitles":["Storage Functions"],"duration":3,"failureDetails":[],"failureMessages":[],"fullName":"Storage Functions loadFromStorage should handle valid data","invocations":1,"location":null,"numPassingAsserts":2,"retryReasons":[],"status":"passed","title":"loadFromStorage should handle valid data"},{"ancestorTitles":["Storage Functions"],"duration":2,"failureDetails":[],"failureMessages":[],"fullName":"Storage Functions loadFromStorage should handle invalid JSON","invocations":1,"location":null,"numPassingAsserts":2,"retryReasons":[],"status":"passed","title":"loadFromStorage should handle invalid JSON"},{"ancestorTitles":["Storage Functions"],"duration":2,"failureDetails":[],"failureMessages":[],"fullName":"Storage Functions loadFromStorage should handle missing tasks property","invocations":1,"location":null,"numPassingAsserts":2,"retryReasons":[],"status":"passed","title":"loadFromStorage should handle missing tasks property"},{"ancestorTitles":["Storage Functions"],"duration":2,"failureDetails":[],"failureMessages":[],"fullName":"Storage Functions saveToStorage should store data correctly","invocations":1,"location":null,"numPassingAsserts":1,"retryReasons":[],"status":"passed","title":"saveToStorage should store data correctly"},{"ancestorTitles":["Storage Functions"],"duration":2,"failureDetails":[],"failureMessages":[],"fullName":"Storage Functions saveToStorage should handle storage errors","invocations":1,"location":null,"numPassingAsserts":1,"retryReasons":[],"status":"passed","title":"saveToStorage should handle storage errors"},{"ancestorTitles":["Task Management"],"duration":14,"failureDetails":[{"matcherResult":{"actual":0,"expected":1,"message":"\u001b[2mexpect(\u001b[22m\u001b[31mreceived\u001b[39m\u001b[2m).\u001b[22mtoBe\u001b[2m(\u001b[22m\u001b[32mexpected\u001b[39m\u001b[2m) // Object.is equality\u001b[22m\n\nExpected: \u001b[32m1\u001b[39m\nReceived: \u001b[31m0\u001b[39m","name":"toBe","pass":false}}],"failureMessages":["Error: \u001b[2mexpect(\u001b[22m\u001b[31mreceived\u001b[39m\u001b[2m).\u001b[22mtoBe\u001b[2m(\u001b[22m\u001b[32mexpected\u001b[39m\u001b[2m) // Object.is equality\u001b[22m\n\nExpected: \u001b[32m1\u001b[39m\nReceived: \u001b[31m0\u001b[39m\n    at Object.toBe (C:\\Users\\PC\\Desktop\\app\\PROJECT-Task-scheduler\\tests\\script.test.js:278:39)\n    at Promise.then.completed (C:\\Users\\PC\\Desktop\\app\\PROJECT-Task-scheduler\\node_modules\\jest-circus\\build\\utils.js:298:28)\n    at new Promise (<anonymous>)\n    at callAsyncCircusFn (C:\\Users\\PC\\Desktop\\app\\PROJECT-Task-scheduler\\node_modules\\jest-circus\\build\\utils.js:231:10)\n    at _callCircusTest (C:\\Users\\PC\\Desktop\\app\\PROJECT-Task-scheduler\\node_modules\\jest-circus\\build\\run.js:316:40)\n    at processTicksAndRejections (node:internal/process/task_queues:105:5)\n    at _runTest (C:\\Users\\PC\\Desktop\\app\\PROJECT-Task-scheduler\\node_modules\\jest-circus\\build\\run.js:252:3)\n    at _runTestsForDescribeBlock (C:\\Users\\PC\\Desktop\\app\\PROJECT-Task-scheduler\\node_modules\\jest-circus\\build\\run.js:126:9)\n    at _runTestsForDescribeBlock (C:\\Users\\PC\\Desktop\\app\\PROJECT-Task-scheduler\\node_modules\\jest-circus\\build\\run.js:121:9)\n    at run (C:\\Users\\PC\\Desktop\\app\\PROJECT-Task-scheduler\\node_modules\\jest-circus\\build\\run.js:71:3)\n    at runAndTransformResultsToJestFormat (C:\\Users\\PC\\Desktop\\app\\PROJECT-Task-scheduler\\node_modules\\jest-circus\\build\\legacy-code-todo-rewrite\\jestAdapterInit.js:122:21)\n    at jestAdapter (C:\\Users\\PC\\Desktop\\app\\PROJECT-Task-scheduler\\node_modules\\jest-circus\\build\\legacy-code-todo-rewrite\\jestAdapter.js:79:19)\n    at runTestInternal (C:\\Users\\PC\\Desktop\\app\\PROJECT-Task-scheduler\\node_modules\\jest-runner\\build\\runTest.js:367:16)\n    at runTest (C:\\Users\\PC\\Desktop\\app\\PROJECT-Task-scheduler\\node_modules\\jest-runner\\build\\runTest.js:444:34)\n    at Object.worker (C:\\Users\\PC\\Desktop\\app\\PROJECT-Task-scheduler\\node_modules\\jest-runner\\build\\testWorker.js:106:12)"],"fullName":"Task Management handleAddOrUpdateTask should create new task","invocations":1,"location":null,"numPassingAsserts":1,"retryReasons":[],"status":"failed","title":"handleAddOrUpdateTask should create new task"},{"ancestorTitles":["Task Management"],"duration":2,"failureDetails":[{}],"failureMessages":["Error: \u001b[2mexpect(\u001b[22m\u001b[31mreceived\u001b[39m\u001b[2m).\u001b[22mnot\u001b[2m.\u001b[22mtoHaveBeenCalled\u001b[2m()\u001b[22m\n\n\u001b[1mMatcher error\u001b[22m: \u001b[31mreceived\u001b[39m value must be a mock or spy function\n\nReceived has type:  function\nReceived has value: \u001b[31m[Function saveToStorage]\u001b[39m\n    at Object.toHaveBeenCalled (C:\\Users\\PC\\Desktop\\app\\PROJECT-Task-scheduler\\tests\\script.test.js:293:38)\n    at Promise.then.completed (C:\\Users\\PC\\Desktop\\app\\PROJECT-Task-scheduler\\node_modules\\jest-circus\\build\\utils.js:298:28)\n    at new Promise (<anonymous>)\n    at callAsyncCircusFn (C:\\Users\\PC\\Desktop\\app\\PROJECT-Task-scheduler\\node_modules\\jest-circus\\build\\utils.js:231:10)\n    at _callCircusTest (C:\\Users\\PC\\Desktop\\app\\PROJECT-Task-scheduler\\node_modules\\jest-circus\\build\\run.js:316:40)\n    at processTicksAndRejections (node:internal/process/task_queues:105:5)\n    at _runTest (C:\\Users\\PC\\Desktop\\app\\PROJECT-Task-scheduler\\node_modules\\jest-circus\\build\\run.js:252:3)\n    at _runTestsForDescribeBlock (C:\\Users\\PC\\Desktop\\app\\PROJECT-Task-scheduler\\node_modules\\jest-circus\\build\\run.js:126:9)\n    at _runTestsForDescribeBlock (C:\\Users\\PC\\Desktop\\app\\PROJECT-Task-scheduler\\node_modules\\jest-circus\\build\\run.js:121:9)\n    at run (C:\\Users\\PC\\Desktop\\app\\PROJECT-Task-scheduler\\node_modules\\jest-circus\\build\\run.js:71:3)\n    at runAndTransformResultsToJestFormat (C:\\Users\\PC\\Desktop\\app\\PROJECT-Task-scheduler\\node_modules\\jest-circus\\build\\legacy-code-todo-rewrite\\jestAdapterInit.js:122:21)\n    at jestAdapter (C:\\Users\\PC\\Desktop\\app\\PROJECT-Task-scheduler\\node_modules\\jest-circus\\build\\legacy-code-todo-rewrite\\jestAdapter.js:79:19)\n    at runTestInternal (C:\\Users\\PC\\Desktop\\app\\PROJECT-Task-scheduler\\node_modules\\jest-runner\\build\\runTest.js:367:16)\n    at runTest (C:\\Users\\PC\\Desktop\\app\\PROJECT-Task-scheduler\\node_modules\\jest-runner\\build\\runTest.js:444:34)\n    at Object.worker (C:\\Users\\PC\\Desktop\\app\\PROJECT-Task-scheduler\\node_modules\\jest-runner\\build\\testWorker.js:106:12)"],"fullName":"Task Management handleAddOrUpdateTask should handle validation failure","invocations":1,"location":null,"numPassingAsserts":2,"retryReasons":[],"status":"failed","title":"handleAddOrUpdateTask should handle validation failure"},{"ancestorTitles":["Task Management"],"duration":4,"failureDetails":[{"matcherResult":{"actual":"Old task","expected":"New test task","message":"\u001b[2mexpect(\u001b[22m\u001b[31mreceived\u001b[39m\u001b[2m).\u001b[22mtoBe\u001b[2m(\u001b[22m\u001b[32mexpected\u001b[39m\u001b[2m) // Object.is equality\u001b[22m\n\nExpected: \u001b[32m\"\u001b[7mNew test\u001b[27m task\"\u001b[39m\nReceived: \u001b[31m\"\u001b[7mOld\u001b[27m task\"\u001b[39m","name":"toBe","pass":false}}],"failureMessages":["Error: \u001b[2mexpect(\u001b[22m\u001b[31mreceived\u001b[39m\u001b[2m).\u001b[22mtoBe\u001b[2m(\u001b[22m\u001b[32mexpected\u001b[39m\u001b[2m) // Object.is equality\u001b[22m\n\nExpected: \u001b[32m\"\u001b[7mNew test\u001b[27m task\"\u001b[39m\nReceived: \u001b[31m\"\u001b[7mOld\u001b[27m task\"\u001b[39m\n    at Object.toBe (C:\\Users\\PC\\Desktop\\app\\PROJECT-Task-scheduler\\tests\\script.test.js:314:40)\n    at Promise.then.completed (C:\\Users\\PC\\Desktop\\app\\PROJECT-Task-scheduler\\node_modules\\jest-circus\\build\\utils.js:298:28)\n    at new Promise (<anonymous>)\n    at callAsyncCircusFn (C:\\Users\\PC\\Desktop\\app\\PROJECT-Task-scheduler\\node_modules\\jest-circus\\build\\utils.js:231:10)\n    at _callCircusTest (C:\\Users\\PC\\Desktop\\app\\PROJECT-Task-scheduler\\node_modules\\jest-circus\\build\\run.js:316:40)\n    at processTicksAndRejections (node:internal/process/task_queues:105:5)\n    at _runTest (C:\\Users\\PC\\Desktop\\app\\PROJECT-Task-scheduler\\node_modules\\jest-circus\\build\\run.js:252:3)\n    at _runTestsForDescribeBlock (C:\\Users\\PC\\Desktop\\app\\PROJECT-Task-scheduler\\node_modules\\jest-circus\\build\\run.js:126:9)\n    at _runTestsForDescribeBlock (C:\\Users\\PC\\Desktop\\app\\PROJECT-Task-scheduler\\node_modules\\jest-circus\\build\\run.js:121:9)\n    at run (C:\\Users\\PC\\Desktop\\app\\PROJECT-Task-scheduler\\node_modules\\jest-circus\\build\\run.js:71:3)\n    at runAndTransformResultsToJestFormat (C:\\Users\\PC\\Desktop\\app\\PROJECT-Task-scheduler\\node_modules\\jest-circus\\build\\legacy-code-todo-rewrite\\jestAdapterInit.js:122:21)\n    at jestAdapter (C:\\Users\\PC\\Desktop\\app\\PROJECT-Task-scheduler\\node_modules\\jest-circus\\build\\legacy-code-todo-rewrite\\jestAdapter.js:79:19)\n    at runTestInternal (C:\\Users\\PC\\Desktop\\app\\PROJECT-Task-scheduler\\node_modules\\jest-runner\\build\\runTest.js:367:16)\n    at runTest (C:\\Users\\PC\\Desktop\\app\\PROJECT-Task-scheduler\\node_modules\\jest-runner\\build\\runTest.js:444:34)\n    at Object.worker (C:\\Users\\PC\\Desktop\\app\\PROJECT-Task-scheduler\\node_modules\\jest-runner\\build\\testWorker.js:106:12)"],"fullName":"Task Management handleAddOrUpdateTask should update existing task","invocations":1,"location":null,"numPassingAsserts":0,"retryReasons":[],"status":"failed","title":"handleAddOrUpdateTask should update existing task"},{"ancestorTitles":["Task Management"],"duration":2,"failureDetails":[],"failureMessages":[],"fullName":"Task Management createTask should properly create task object","invocations":1,"location":null,"numPassingAsserts":6,"retryReasons":[],"status":"passed","title":"createTask should properly create task object"},{"ancestorTitles":["Task Management"],"duration":7,"failureDetails":[{}],"failureMessages":["Error: \u001b[2mexpect(\u001b[22m\u001b[31mreceived\u001b[39m\u001b[2m).\u001b[22mtoHaveBeenCalled\u001b[2m()\u001b[22m\n\n\u001b[1mMatcher error\u001b[22m: \u001b[31mreceived\u001b[39m value must be a mock or spy function\n\nReceived has type:  function\nReceived has value: \u001b[31m[Function saveToStorage]\u001b[39m\n    at Object.toHaveBeenCalled (C:\\Users\\PC\\Desktop\\app\\PROJECT-Task-scheduler\\tests\\script.test.js:358:34)\n    at Promise.then.completed (C:\\Users\\PC\\Desktop\\app\\PROJECT-Task-scheduler\\node_modules\\jest-circus\\build\\utils.js:298:28)\n    at new Promise (<anonymous>)\n    at callAsyncCircusFn (C:\\Users\\PC\\Desktop\\app\\PROJECT-Task-scheduler\\node_modules\\jest-circus\\build\\utils.js:231:10)\n    at _callCircusTest (C:\\Users\\PC\\Desktop\\app\\PROJECT-Task-scheduler\\node_modules\\jest-circus\\build\\run.js:316:40)\n    at processTicksAndRejections (node:internal/process/task_queues:105:5)\n    at _runTest (C:\\Users\\PC\\Desktop\\app\\PROJECT-Task-scheduler\\node_modules\\jest-circus\\build\\run.js:252:3)\n    at _runTestsForDescribeBlock (C:\\Users\\PC\\Desktop\\app\\PROJECT-Task-scheduler\\node_modules\\jest-circus\\build\\run.js:126:9)\n    at _runTestsForDescribeBlock (C:\\Users\\PC\\Desktop\\app\\PROJECT-Task-scheduler\\node_modules\\jest-circus\\build\\run.js:121:9)\n    at run (C:\\Users\\PC\\Desktop\\app\\PROJECT-Task-scheduler\\node_modules\\jest-circus\\build\\run.js:71:3)\n    at runAndTransformResultsToJestFormat (C:\\Users\\PC\\Desktop\\app\\PROJECT-Task-scheduler\\node_modules\\jest-circus\\build\\legacy-code-todo-rewrite\\jestAdapterInit.js:122:21)\n    at jestAdapter (C:\\Users\\PC\\Desktop\\app\\PROJECT-Task-scheduler\\node_modules\\jest-circus\\build\\legacy-code-todo-rewrite\\jestAdapter.js:79:19)\n    at runTestInternal (C:\\Users\\PC\\Desktop\\app\\PROJECT-Task-scheduler\\node_modules\\jest-runner\\build\\runTest.js:367:16)\n    at runTest (C:\\Users\\PC\\Desktop\\app\\PROJECT-Task-scheduler\\node_modules\\jest-runner\\build\\runTest.js:444:34)\n    at Object.worker (C:\\Users\\PC\\Desktop\\app\\PROJECT-Task-scheduler\\node_modules\\jest-runner\\build\\testWorker.js:106:12)"],"fullName":"Task Management deleteTask should remove task and update storage","invocations":1,"location":null,"numPassingAsserts":2,"retryReasons":[],"status":"failed","title":"deleteTask should remove task and update storage"},{"ancestorTitles":["Task Management"],"duration":1,"failureDetails":[{}],"failureMessages":["Error: \u001b[2mexpect(\u001b[22m\u001b[31mreceived\u001b[39m\u001b[2m).\u001b[22mnot\u001b[2m.\u001b[22mtoHaveBeenCalled\u001b[2m()\u001b[22m\n\n\u001b[1mMatcher error\u001b[22m: \u001b[31mreceived\u001b[39m value must be a mock or spy function\n\nReceived has type:  function\nReceived has value: \u001b[31m[Function saveToStorage]\u001b[39m\n    at Object.toHaveBeenCalled (C:\\Users\\PC\\Desktop\\app\\PROJECT-Task-scheduler\\tests\\script.test.js:369:38)\n    at Promise.then.completed (C:\\Users\\PC\\Desktop\\app\\PROJECT-Task-scheduler\\node_modules\\jest-circus\\build\\utils.js:298:28)\n    at new Promise (<anonymous>)\n    at callAsyncCircusFn (C:\\Users\\PC\\Desktop\\app\\PROJECT-Task-scheduler\\node_modules\\jest-circus\\build\\utils.js:231:10)\n    at _callCircusTest (C:\\Users\\PC\\Desktop\\app\\PROJECT-Task-scheduler\\node_modules\\jest-circus\\build\\run.js:316:40)\n    at processTicksAndRejections (node:internal/process/task_queues:105:5)\n    at _runTest (C:\\Users\\PC\\Desktop\\app\\PROJECT-Task-scheduler\\node_modules\\jest-circus\\build\\run.js:252:3)\n    at _runTestsForDescribeBlock (C:\\Users\\PC\\Desktop\\app\\PROJECT-Task-scheduler\\node_modules\\jest-circus\\build\\run.js:126:9)\n    at _runTestsForDescribeBlock (C:\\Users\\PC\\Desktop\\app\\PROJECT-Task-scheduler\\node_modules\\jest-circus\\build\\run.js:121:9)\n    at run (C:\\Users\\PC\\Desktop\\app\\PROJECT-Task-scheduler\\node_modules\\jest-circus\\build\\run.js:71:3)\n    at runAndTransformResultsToJestFormat (C:\\Users\\PC\\Desktop\\app\\PROJECT-Task-scheduler\\node_modules\\jest-circus\\build\\legacy-code-todo-rewrite\\jestAdapterInit.js:122:21)\n    at jestAdapter (C:\\Users\\PC\\Desktop\\app\\PROJECT-Task-scheduler\\node_modules\\jest-circus\\build\\legacy-code-todo-rewrite\\jestAdapter.js:79:19)\n    at runTestInternal (C:\\Users\\PC\\Desktop\\app\\PROJECT-Task-scheduler\\node_modules\\jest-runner\\build\\runTest.js:367:16)\n    at runTest (C:\\Users\\PC\\Desktop\\app\\PROJECT-Task-scheduler\\node_modules\\jest-runner\\build\\runTest.js:444:34)\n    at Object.worker (C:\\Users\\PC\\Desktop\\app\\PROJECT-Task-scheduler\\node_modules\\jest-runner\\build\\testWorker.js:106:12)"],"fullName":"Task Management deleteTask should handle cancel confirmation","invocations":1,"location":null,"numPassingAsserts":1,"retryReasons":[],"status":"failed","title":"deleteTask should handle cancel confirmation"},{"ancestorTitles":["Task Management"],"duration":1,"failureDetails":[{}],"failureMessages":["TypeError: Cannot set properties of null (setting 'textContent')\n    at Object.enterEditMode (C:\\Users\\PC\\Desktop\\app\\PROJECT-Task-scheduler\\src\\script.js:213:34)\n    at Object.enterEditMode (C:\\Users\\PC\\Desktop\\app\\PROJECT-Task-scheduler\\tests\\script.test.js:383:12)\n    at Promise.then.completed (C:\\Users\\PC\\Desktop\\app\\PROJECT-Task-scheduler\\node_modules\\jest-circus\\build\\utils.js:298:28)\n    at new Promise (<anonymous>)\n    at callAsyncCircusFn (C:\\Users\\PC\\Desktop\\app\\PROJECT-Task-scheduler\\node_modules\\jest-circus\\build\\utils.js:231:10)\n    at _callCircusTest (C:\\Users\\PC\\Desktop\\app\\PROJECT-Task-scheduler\\node_modules\\jest-circus\\build\\run.js:316:40)\n    at processTicksAndRejections (node:internal/process/task_queues:105:5)\n    at _runTest (C:\\Users\\PC\\Desktop\\app\\PROJECT-Task-scheduler\\node_modules\\jest-circus\\build\\run.js:252:3)\n    at _runTestsForDescribeBlock (C:\\Users\\PC\\Desktop\\app\\PROJECT-Task-scheduler\\node_modules\\jest-circus\\build\\run.js:126:9)\n    at _runTestsForDescribeBlock (C:\\Users\\PC\\Desktop\\app\\PROJECT-Task-scheduler\\node_modules\\jest-circus\\build\\run.js:121:9)\n    at run (C:\\Users\\PC\\Desktop\\app\\PROJECT-Task-scheduler\\node_modules\\jest-circus\\build\\run.js:71:3)\n    at runAndTransformResultsToJestFormat (C:\\Users\\PC\\Desktop\\app\\PROJECT-Task-scheduler\\node_modules\\jest-circus\\build\\legacy-code-todo-rewrite\\jestAdapterInit.js:122:21)\n    at jestAdapter (C:\\Users\\PC\\Desktop\\app\\PROJECT-Task-scheduler\\node_modules\\jest-circus\\build\\legacy-code-todo-rewrite\\jestAdapter.js:79:19)\n    at runTestInternal (C:\\Users\\PC\\Desktop\\app\\PROJECT-Task-scheduler\\node_modules\\jest-runner\\build\\runTest.js:367:16)\n    at runTest (C:\\Users\\PC\\Desktop\\app\\PROJECT-Task-scheduler\\node_modules\\jest-runner\\build\\runTest.js:444:34)\n    at Object.worker (C:\\Users\\PC\\Desktop\\app\\PROJECT-Task-scheduler\\node_modules\\jest-runner\\build\\testWorker.js:106:12)"],"fullName":"Task Management enterEditMode should update form with task data","invocations":1,"location":null,"numPassingAsserts":0,"retryReasons":[],"status":"failed","title":"enterEditMode should update form with task data"},{"ancestorTitles":["Task Management"],"duration":1,"failureDetails":[],"failureMessages":[],"fullName":"Task Management enterEditMode should handle non-existent task","invocations":1,"location":null,"numPassingAsserts":1,"retryReasons":[],"status":"passed","title":"enterEditMode should handle non-existent task"},{"ancestorTitles":["Task Management"],"duration":3,"failureDetails":[{"matcherResult":{"actual":"Update Task","expected":"Add Task","message":"\u001b[2mexpect(\u001b[22m\u001b[31mreceived\u001b[39m\u001b[2m).\u001b[22mtoBe\u001b[2m(\u001b[22m\u001b[32mexpected\u001b[39m\u001b[2m) // Object.is equality\u001b[22m\n\nExpected: \u001b[32m\"\u001b[7mAdd\u001b[27m Task\"\u001b[39m\nReceived: \u001b[31m\"\u001b[7mUpdate\u001b[27m Task\"\u001b[39m","name":"toBe","pass":false}}],"failureMessages":["Error: \u001b[2mexpect(\u001b[22m\u001b[31mreceived\u001b[39m\u001b[2m).\u001b[22mtoBe\u001b[2m(\u001b[22m\u001b[32mexpected\u001b[39m\u001b[2m) // Object.is equality\u001b[22m\n\nExpected: \u001b[32m\"\u001b[7mAdd\u001b[27m Task\"\u001b[39m\nReceived: \u001b[31m\"\u001b[7mUpdate\u001b[27m Task\"\u001b[39m\n    at Object.toBe (C:\\Users\\PC\\Desktop\\app\\PROJECT-Task-scheduler\\tests\\script.test.js:406:49)\n    at Promise.then.completed (C:\\Users\\PC\\Desktop\\app\\PROJECT-Task-scheduler\\node_modules\\jest-circus\\build\\utils.js:298:28)\n    at new Promise (<anonymous>)\n    at callAsyncCircusFn (C:\\Users\\PC\\Desktop\\app\\PROJECT-Task-scheduler\\node_modules\\jest-circus\\build\\utils.js:231:10)\n    at _callCircusTest (C:\\Users\\PC\\Desktop\\app\\PROJECT-Task-scheduler\\node_modules\\jest-circus\\build\\run.js:316:40)\n    at processTicksAndRejections (node:internal/process/task_queues:105:5)\n    at _runTest (C:\\Users\\PC\\Desktop\\app\\PROJECT-Task-scheduler\\node_modules\\jest-circus\\build\\run.js:252:3)\n    at _runTestsForDescribeBlock (C:\\Users\\PC\\Desktop\\app\\PROJECT-Task-scheduler\\node_modules\\jest-circus\\build\\run.js:126:9)\n    at _runTestsForDescribeBlock (C:\\Users\\PC\\Desktop\\app\\PROJECT-Task-scheduler\\node_modules\\jest-circus\\build\\run.js:121:9)\n    at run (C:\\Users\\PC\\Desktop\\app\\PROJECT-Task-scheduler\\node_modules\\jest-circus\\build\\run.js:71:3)\n    at runAndTransformResultsToJestFormat (C:\\Users\\PC\\Desktop\\app\\PROJECT-Task-scheduler\\node_modules\\jest-circus\\build\\legacy-code-todo-rewrite\\jestAdapterInit.js:122:21)\n    at jestAdapter (C:\\Users\\PC\\Desktop\\app\\PROJECT-Task-scheduler\\node_modules\\jest-circus\\build\\legacy-code-todo-rewrite\\jestAdapter.js:79:19)\n    at runTestInternal (C:\\Users\\PC\\Desktop\\app\\PROJECT-Task-scheduler\\node_modules\\jest-runner\\build\\runTest.js:367:16)\n    at runTest (C:\\Users\\PC\\Desktop\\app\\PROJECT-Task-scheduler\\node_modules\\jest-runner\\build\\runTest.js:444:34)\n    at Object.worker (C:\\Users\\PC\\Desktop\\app\\PROJECT-Task-scheduler\\node_modules\\jest-runner\\build\\testWorker.js:106:12)"],"fullName":"Task Management exitEditMode should reset form and update UI","invocations":1,"location":null,"numPassingAsserts":1,"retryReasons":[],"status":"failed","title":"exitEditMode should reset form and update UI"},{"ancestorTitles":["Validation Functions"],"duration":1,"failureDetails":[],"failureMessages":[],"fullName":"Validation Functions validateField should handle empty required field","invocations":1,"location":null,"numPassingAsserts":1,"retryReasons":[],"status":"passed","title":"validateField should handle empty required field"},{"ancestorTitles":["Validation Functions"],"duration":1,"failureDetails":[],"failureMessages":[],"fullName":"Validation Functions validateField should handle valid required field","invocations":1,"location":null,"numPassingAsserts":1,"retryReasons":[],"status":"passed","title":"validateField should handle valid required field"},{"ancestorTitles":["Validation Functions"],"duration":0,"failureDetails":[],"failureMessages":[],"fullName":"Validation Functions validateField should handle future date validation","invocations":1,"location":null,"numPassingAsserts":1,"retryReasons":[],"status":"passed","title":"validateField should handle future date validation"},{"ancestorTitles":["Validation Functions"],"duration":0,"failureDetails":[],"failureMessages":[],"fullName":"Validation Functions validateField should handle valid future date","invocations":1,"location":null,"numPassingAsserts":1,"retryReasons":[],"status":"passed","title":"validateField should handle valid future date"},{"ancestorTitles":["Validation Functions"],"duration":1,"failureDetails":[],"failureMessages":[],"fullName":"Validation Functions validateField should handle empty validation","invocations":1,"location":null,"numPassingAsserts":1,"retryReasons":[],"status":"passed","title":"validateField should handle empty validation"},{"ancestorTitles":["Validation Functions"],"duration":0,"failureDetails":[],"failureMessages":[],"fullName":"Validation Functions validateField should handle undefined validation","invocations":1,"location":null,"numPassingAsserts":1,"retryReasons":[],"status":"passed","title":"validateField should handle undefined validation"},{"ancestorTitles":["Validation Functions"],"duration":1,"failureDetails":[],"failureMessages":[],"fullName":"Validation Functions validateForm should check all required fields","invocations":1,"location":null,"numPassingAsserts":1,"retryReasons":[],"status":"passed","title":"validateForm should check all required fields"},{"ancestorTitles":["Validation Functions"],"duration":1,"failureDetails":[],"failureMessages":[],"fullName":"Validation Functions validateForm should handle null form","invocations":1,"location":null,"numPassingAsserts":1,"retryReasons":[],"status":"passed","title":"validateForm should handle null form"},{"ancestorTitles":["Validation Functions"],"duration":0,"failureDetails":[],"failureMessages":[],"fullName":"Validation Functions validateForm should handle empty fields array","invocations":1,"location":null,"numPassingAsserts":1,"retryReasons":[],"status":"passed","title":"validateForm should handle empty fields array"},{"ancestorTitles":["Validation Functions"],"duration":1,"failureDetails":[],"failureMessages":[],"fullName":"Validation Functions validateForm should handle form with all valid fields","invocations":1,"location":null,"numPassingAsserts":1,"retryReasons":[],"status":"passed","title":"validateForm should handle form with all valid fields"},{"ancestorTitles":["Authentication Functions"],"duration":1,"failureDetails":[{"matcherResult":{"actual":null,"expected":"awakjairo","message":"\u001b[2mexpect(\u001b[22m\u001b[31mreceived\u001b[39m\u001b[2m).\u001b[22mtoBe\u001b[2m(\u001b[22m\u001b[32mexpected\u001b[39m\u001b[2m) // Object.is equality\u001b[22m\n\nExpected: \u001b[32m\"awakjairo\"\u001b[39m\nReceived: \u001b[31mnull\u001b[39m","name":"toBe","pass":false}}],"failureMessages":["Error: \u001b[2mexpect(\u001b[22m\u001b[31mreceived\u001b[39m\u001b[2m).\u001b[22mtoBe\u001b[2m(\u001b[22m\u001b[32mexpected\u001b[39m\u001b[2m) // Object.is equality\u001b[22m\n\nExpected: \u001b[32m\"awakjairo\"\u001b[39m\nReceived: \u001b[31mnull\u001b[39m\n    at Object.toBe (C:\\Users\\PC\\Desktop\\app\\PROJECT-Task-scheduler\\tests\\script.test.js:523:38)\n    at Promise.then.completed (C:\\Users\\PC\\Desktop\\app\\PROJECT-Task-scheduler\\node_modules\\jest-circus\\build\\utils.js:298:28)\n    at new Promise (<anonymous>)\n    at callAsyncCircusFn (C:\\Users\\PC\\Desktop\\app\\PROJECT-Task-scheduler\\node_modules\\jest-circus\\build\\utils.js:231:10)\n    at _callCircusTest (C:\\Users\\PC\\Desktop\\app\\PROJECT-Task-scheduler\\node_modules\\jest-circus\\build\\run.js:316:40)\n    at processTicksAndRejections (node:internal/process/task_queues:105:5)\n    at _runTest (C:\\Users\\PC\\Desktop\\app\\PROJECT-Task-scheduler\\node_modules\\jest-circus\\build\\run.js:252:3)\n    at _runTestsForDescribeBlock (C:\\Users\\PC\\Desktop\\app\\PROJECT-Task-scheduler\\node_modules\\jest-circus\\build\\run.js:126:9)\n    at _runTestsForDescribeBlock (C:\\Users\\PC\\Desktop\\app\\PROJECT-Task-scheduler\\node_modules\\jest-circus\\build\\run.js:121:9)\n    at run (C:\\Users\\PC\\Desktop\\app\\PROJECT-Task-scheduler\\node_modules\\jest-circus\\build\\run.js:71:3)\n    at runAndTransformResultsToJestFormat (C:\\Users\\PC\\Desktop\\app\\PROJECT-Task-scheduler\\node_modules\\jest-circus\\build\\legacy-code-todo-rewrite\\jestAdapterInit.js:122:21)\n    at jestAdapter (C:\\Users\\PC\\Desktop\\app\\PROJECT-Task-scheduler\\node_modules\\jest-circus\\build\\legacy-code-todo-rewrite\\jestAdapter.js:79:19)\n    at runTestInternal (C:\\Users\\PC\\Desktop\\app\\PROJECT-Task-scheduler\\node_modules\\jest-runner\\build\\runTest.js:367:16)\n    at runTest (C:\\Users\\PC\\Desktop\\app\\PROJECT-Task-scheduler\\node_modules\\jest-runner\\build\\runTest.js:444:34)\n    at Object.worker (C:\\Users\\PC\\Desktop\\app\\PROJECT-Task-scheduler\\node_modules\\jest-runner\\build\\testWorker.js:106:12)"],"fullName":"Authentication Functions handleLogin should validate credentials","invocations":1,"location":null,"numPassingAsserts":1,"retryReasons":[],"status":"failed","title":"handleLogin should validate credentials"},{"ancestorTitles":["Authentication Functions"],"duration":1,"failureDetails":[{"matcherResult":{"message":"\u001b[2mexpect(\u001b[22m\u001b[31mreceived\u001b[39m\u001b[2m).\u001b[22mtoContain\u001b[2m(\u001b[22m\u001b[32mexpected\u001b[39m\u001b[2m) // indexOf\u001b[22m\n\nExpected substring: \u001b[32m\"Invalid username or password\"\u001b[39m\nReceived string:    \u001b[31m\"\"\u001b[39m","pass":false}}],"failureMessages":["Error: \u001b[2mexpect(\u001b[22m\u001b[31mreceived\u001b[39m\u001b[2m).\u001b[22mtoContain\u001b[2m(\u001b[22m\u001b[32mexpected\u001b[39m\u001b[2m) // indexOf\u001b[22m\n\nExpected substring: \u001b[32m\"Invalid username or password\"\u001b[39m\nReceived string:    \u001b[31m\"\"\u001b[39m\n    at Object.toContain (C:\\Users\\PC\\Desktop\\app\\PROJECT-Task-scheduler\\tests\\script.test.js:548:54)\n    at Promise.then.completed (C:\\Users\\PC\\Desktop\\app\\PROJECT-Task-scheduler\\node_modules\\jest-circus\\build\\utils.js:298:28)\n    at new Promise (<anonymous>)\n    at callAsyncCircusFn (C:\\Users\\PC\\Desktop\\app\\PROJECT-Task-scheduler\\node_modules\\jest-circus\\build\\utils.js:231:10)\n    at _callCircusTest (C:\\Users\\PC\\Desktop\\app\\PROJECT-Task-scheduler\\node_modules\\jest-circus\\build\\run.js:316:40)\n    at processTicksAndRejections (node:internal/process/task_queues:105:5)\n    at _runTest (C:\\Users\\PC\\Desktop\\app\\PROJECT-Task-scheduler\\node_modules\\jest-circus\\build\\run.js:252:3)\n    at _runTestsForDescribeBlock (C:\\Users\\PC\\Desktop\\app\\PROJECT-Task-scheduler\\node_modules\\jest-circus\\build\\run.js:126:9)\n    at _runTestsForDescribeBlock (C:\\Users\\PC\\Desktop\\app\\PROJECT-Task-scheduler\\node_modules\\jest-circus\\build\\run.js:121:9)\n    at run (C:\\Users\\PC\\Desktop\\app\\PROJECT-Task-scheduler\\node_modules\\jest-circus\\build\\run.js:71:3)\n    at runAndTransformResultsToJestFormat (C:\\Users\\PC\\Desktop\\app\\PROJECT-Task-scheduler\\node_modules\\jest-circus\\build\\legacy-code-todo-rewrite\\jestAdapterInit.js:122:21)\n    at jestAdapter (C:\\Users\\PC\\Desktop\\app\\PROJECT-Task-scheduler\\node_modules\\jest-circus\\build\\legacy-code-todo-rewrite\\jestAdapter.js:79:19)\n    at runTestInternal (C:\\Users\\PC\\Desktop\\app\\PROJECT-Task-scheduler\\node_modules\\jest-runner\\build\\runTest.js:367:16)\n    at runTest (C:\\Users\\PC\\Desktop\\app\\PROJECT-Task-scheduler\\node_modules\\jest-runner\\build\\runTest.js:444:34)\n    at Object.worker (C:\\Users\\PC\\Desktop\\app\\PROJECT-Task-scheduler\\node_modules\\jest-runner\\build\\testWorker.js:106:12)"],"fullName":"Authentication Functions handleLogin should handle invalid credentials","invocations":1,"location":null,"numPassingAsserts":0,"retryReasons":[],"status":"failed","title":"handleLogin should handle invalid credentials"},{"ancestorTitles":["Authentication Functions"],"duration":0,"failureDetails":[{}],"failureMessages":["Error: \u001b[2mexpect(\u001b[22m\u001b[31mreceived\u001b[39m\u001b[2m).\u001b[22mnot\u001b[2m.\u001b[22mtoHaveBeenCalled\u001b[2m()\u001b[22m\n\n\u001b[1mMatcher error\u001b[22m: \u001b[31mreceived\u001b[39m value must be a mock or spy function\n\nReceived has type:  function\nReceived has value: \u001b[31m[Function loadFromStorage]\u001b[39m\n    at Object.toHaveBeenCalled (C:\\Users\\PC\\Desktop\\app\\PROJECT-Task-scheduler\\tests\\script.test.js:560:40)\n    at Promise.then.completed (C:\\Users\\PC\\Desktop\\app\\PROJECT-Task-scheduler\\node_modules\\jest-circus\\build\\utils.js:298:28)\n    at new Promise (<anonymous>)\n    at callAsyncCircusFn (C:\\Users\\PC\\Desktop\\app\\PROJECT-Task-scheduler\\node_modules\\jest-circus\\build\\utils.js:231:10)\n    at _callCircusTest (C:\\Users\\PC\\Desktop\\app\\PROJECT-Task-scheduler\\node_modules\\jest-circus\\build\\run.js:316:40)\n    at processTicksAndRejections (node:internal/process/task_queues:105:5)\n    at _runTest (C:\\Users\\PC\\Desktop\\app\\PROJECT-Task-scheduler\\node_modules\\jest-circus\\build\\run.js:252:3)\n    at _runTestsForDescribeBlock (C:\\Users\\PC\\Desktop\\app\\PROJECT-Task-scheduler\\node_modules\\jest-circus\\build\\run.js:126:9)\n    at _runTestsForDescribeBlock (C:\\Users\\PC\\Desktop\\app\\PROJECT-Task-scheduler\\node_modules\\jest-circus\\build\\run.js:121:9)\n    at run (C:\\Users\\PC\\Desktop\\app\\PROJECT-Task-scheduler\\node_modules\\jest-circus\\build\\run.js:71:3)\n    at runAndTransformResultsToJestFormat (C:\\Users\\PC\\Desktop\\app\\PROJECT-Task-scheduler\\node_modules\\jest-circus\\build\\legacy-code-todo-rewrite\\jestAdapterInit.js:122:21)\n    at jestAdapter (C:\\Users\\PC\\Desktop\\app\\PROJECT-Task-scheduler\\node_modules\\jest-circus\\build\\legacy-code-todo-rewrite\\jestAdapter.js:79:19)\n    at runTestInternal (C:\\Users\\PC\\Desktop\\app\\PROJECT-Task-scheduler\\node_modules\\jest-runner\\build\\runTest.js:367:16)\n    at runTest (C:\\Users\\PC\\Desktop\\app\\PROJECT-Task-scheduler\\node_modules\\jest-runner\\build\\runTest.js:444:34)\n    at Object.worker (C:\\Users\\PC\\Desktop\\app\\PROJECT-Task-scheduler\\node_modules\\jest-runner\\build\\testWorker.js:106:12)"],"fullName":"Authentication Functions handleLogin should handle validation failure","invocations":1,"location":null,"numPassingAsserts":1,"retryReasons":[],"status":"failed","title":"handleLogin should handle validation failure"},{"ancestorTitles":["Authentication Functions"],"duration":0,"failureDetails":[{}],"failureMessages":["TypeError: Cannot read properties of null (reading 'style')\n    at Object.style [as handleLogout] (C:\\Users\\PC\\Desktop\\app\\PROJECT-Task-scheduler\\src\\script.js:162:27)\n    at Object.handleLogout (C:\\Users\\PC\\Desktop\\app\\PROJECT-Task-scheduler\\tests\\script.test.js:569:12)\n    at Promise.then.completed (C:\\Users\\PC\\Desktop\\app\\PROJECT-Task-scheduler\\node_modules\\jest-circus\\build\\utils.js:298:28)\n    at new Promise (<anonymous>)\n    at callAsyncCircusFn (C:\\Users\\PC\\Desktop\\app\\PROJECT-Task-scheduler\\node_modules\\jest-circus\\build\\utils.js:231:10)\n    at _callCircusTest (C:\\Users\\PC\\Desktop\\app\\PROJECT-Task-scheduler\\node_modules\\jest-circus\\build\\run.js:316:40)\n    at processTicksAndRejections (node:internal/process/task_queues:105:5)\n    at _runTest (C:\\Users\\PC\\Desktop\\app\\PROJECT-Task-scheduler\\node_modules\\jest-circus\\build\\run.js:252:3)\n    at _runTestsForDescribeBlock (C:\\Users\\PC\\Desktop\\app\\PROJECT-Task-scheduler\\node_modules\\jest-circus\\build\\run.js:126:9)\n    at _runTestsForDescribeBlock (C:\\Users\\PC\\Desktop\\app\\PROJECT-Task-scheduler\\node_modules\\jest-circus\\build\\run.js:121:9)\n    at run (C:\\Users\\PC\\Desktop\\app\\PROJECT-Task-scheduler\\node_modules\\jest-circus\\build\\run.js:71:3)\n    at runAndTransformResultsToJestFormat (C:\\Users\\PC\\Desktop\\app\\PROJECT-Task-scheduler\\node_modules\\jest-circus\\build\\legacy-code-todo-rewrite\\jestAdapterInit.js:122:21)\n    at jestAdapter (C:\\Users\\PC\\Desktop\\app\\PROJECT-Task-scheduler\\node_modules\\jest-circus\\build\\legacy-code-todo-rewrite\\jestAdapter.js:79:19)\n    at runTestInternal (C:\\Users\\PC\\Desktop\\app\\PROJECT-Task-scheduler\\node_modules\\jest-runner\\build\\runTest.js:367:16)\n    at runTest (C:\\Users\\PC\\Desktop\\app\\PROJECT-Task-scheduler\\node_modules\\jest-runner\\build\\runTest.js:444:34)\n    at Object.worker (C:\\Users\\PC\\Desktop\\app\\PROJECT-Task-scheduler\\node_modules\\jest-runner\\build\\testWorker.js:106:12)"],"fullName":"Authentication Functions handleLogout should clear state and reset UI","invocations":1,"location":null,"numPassingAsserts":0,"retryReasons":[],"status":"failed","title":"handleLogout should clear state and reset UI"},{"ancestorTitles":["Display Functions"],"duration":2,"failureDetails":[{"matcherResult":{"message":"\u001b[2mexpect(\u001b[22m\u001b[31mjest.fn()\u001b[39m\u001b[2m).\u001b[22mtoHaveBeenCalledWith\u001b[2m(\u001b[22m\u001b[32m...expected\u001b[39m\u001b[2m)\u001b[22m\n\nExpected: \u001b[32m\"li\"\u001b[39m\n\nNumber of calls: \u001b[31m0\u001b[39m","pass":false}}],"failureMessages":["Error: \u001b[2mexpect(\u001b[22m\u001b[31mjest.fn()\u001b[39m\u001b[2m).\u001b[22mtoHaveBeenCalledWith\u001b[2m(\u001b[22m\u001b[32m...expected\u001b[39m\u001b[2m)\u001b[22m\n\nExpected: \u001b[32m\"li\"\u001b[39m\n\nNumber of calls: \u001b[31m0\u001b[39m\n    at Object.toHaveBeenCalledWith (C:\\Users\\PC\\Desktop\\app\\PROJECT-Task-scheduler\\tests\\script.test.js:603:36)\n    at Promise.then.completed (C:\\Users\\PC\\Desktop\\app\\PROJECT-Task-scheduler\\node_modules\\jest-circus\\build\\utils.js:298:28)\n    at new Promise (<anonymous>)\n    at callAsyncCircusFn (C:\\Users\\PC\\Desktop\\app\\PROJECT-Task-scheduler\\node_modules\\jest-circus\\build\\utils.js:231:10)\n    at _callCircusTest (C:\\Users\\PC\\Desktop\\app\\PROJECT-Task-scheduler\\node_modules\\jest-circus\\build\\run.js:316:40)\n    at processTicksAndRejections (node:internal/process/task_queues:105:5)\n    at _runTest (C:\\Users\\PC\\Desktop\\app\\PROJECT-Task-scheduler\\node_modules\\jest-circus\\build\\run.js:252:3)\n    at _runTestsForDescribeBlock (C:\\Users\\PC\\Desktop\\app\\PROJECT-Task-scheduler\\node_modules\\jest-circus\\build\\run.js:126:9)\n    at _runTestsForDescribeBlock (C:\\Users\\PC\\Desktop\\app\\PROJECT-Task-scheduler\\node_modules\\jest-circus\\build\\run.js:121:9)\n    at run (C:\\Users\\PC\\Desktop\\app\\PROJECT-Task-scheduler\\node_modules\\jest-circus\\build\\run.js:71:3)\n    at runAndTransformResultsToJestFormat (C:\\Users\\PC\\Desktop\\app\\PROJECT-Task-scheduler\\node_modules\\jest-circus\\build\\legacy-code-todo-rewrite\\jestAdapterInit.js:122:21)\n    at jestAdapter (C:\\Users\\PC\\Desktop\\app\\PROJECT-Task-scheduler\\node_modules\\jest-circus\\build\\legacy-code-todo-rewrite\\jestAdapter.js:79:19)\n    at runTestInternal (C:\\Users\\PC\\Desktop\\app\\PROJECT-Task-scheduler\\node_modules\\jest-runner\\build\\runTest.js:367:16)\n    at runTest (C:\\Users\\PC\\Desktop\\app\\PROJECT-Task-scheduler\\node_modules\\jest-runner\\build\\runTest.js:444:34)\n    at Object.worker (C:\\Users\\PC\\Desktop\\app\\PROJECT-Task-scheduler\\node_modules\\jest-runner\\build\\testWorker.js:106:12)"],"fullName":"Display Functions displayTasks should handle sorting and display","invocations":1,"location":null,"numPassingAsserts":0,"retryReasons":[],"status":"failed","title":"displayTasks should handle sorting and display"},{"ancestorTitles":["Display Functions"],"duration":1,"failureDetails":[],"failureMessages":[],"fullName":"Display Functions displayTasks should handle null taskList","invocations":1,"location":null,"numPassingAsserts":0,"retryReasons":[],"status":"passed","title":"displayTasks should handle null taskList"},{"ancestorTitles":["Display Functions"],"duration":1,"failureDetails":[],"failureMessages":[],"fullName":"Display Functions displayTasks should handle empty tasks array","invocations":1,"location":null,"numPassingAsserts":2,"retryReasons":[],"status":"passed","title":"displayTasks should handle empty tasks array"},{"ancestorTitles":["Display Functions"],"duration":0,"failureDetails":[{"matcherResult":{"message":"\u001b[2mexpect(\u001b[22m\u001b[31mjest.fn()\u001b[39m\u001b[2m).\u001b[22mtoHaveBeenCalledWith\u001b[2m(\u001b[22m\u001b[32m...expected\u001b[39m\u001b[2m)\u001b[22m\n\nExpected: \u001b[32m\"li\"\u001b[39m\n\nNumber of calls: \u001b[31m0\u001b[39m","pass":false}}],"failureMessages":["Error: \u001b[2mexpect(\u001b[22m\u001b[31mjest.fn()\u001b[39m\u001b[2m).\u001b[22mtoHaveBeenCalledWith\u001b[2m(\u001b[22m\u001b[32m...expected\u001b[39m\u001b[2m)\u001b[22m\n\nExpected: \u001b[32m\"li\"\u001b[39m\n\nNumber of calls: \u001b[31m0\u001b[39m\n    at Object.toHaveBeenCalledWith (C:\\Users\\PC\\Desktop\\app\\PROJECT-Task-scheduler\\tests\\script.test.js:667:36)\n    at Promise.then.completed (C:\\Users\\PC\\Desktop\\app\\PROJECT-Task-scheduler\\node_modules\\jest-circus\\build\\utils.js:298:28)\n    at new Promise (<anonymous>)\n    at callAsyncCircusFn (C:\\Users\\PC\\Desktop\\app\\PROJECT-Task-scheduler\\node_modules\\jest-circus\\build\\utils.js:231:10)\n    at _callCircusTest (C:\\Users\\PC\\Desktop\\app\\PROJECT-Task-scheduler\\node_modules\\jest-circus\\build\\run.js:316:40)\n    at processTicksAndRejections (node:internal/process/task_queues:105:5)\n    at _runTest (C:\\Users\\PC\\Desktop\\app\\PROJECT-Task-scheduler\\node_modules\\jest-circus\\build\\run.js:252:3)\n    at _runTestsForDescribeBlock (C:\\Users\\PC\\Desktop\\app\\PROJECT-Task-scheduler\\node_modules\\jest-circus\\build\\run.js:126:9)\n    at _runTestsForDescribeBlock (C:\\Users\\PC\\Desktop\\app\\PROJECT-Task-scheduler\\node_modules\\jest-circus\\build\\run.js:121:9)\n    at run (C:\\Users\\PC\\Desktop\\app\\PROJECT-Task-scheduler\\node_modules\\jest-circus\\build\\run.js:71:3)\n    at runAndTransformResultsToJestFormat (C:\\Users\\PC\\Desktop\\app\\PROJECT-Task-scheduler\\node_modules\\jest-circus\\build\\legacy-code-todo-rewrite\\jestAdapterInit.js:122:21)\n    at jestAdapter (C:\\Users\\PC\\Desktop\\app\\PROJECT-Task-scheduler\\node_modules\\jest-circus\\build\\legacy-code-todo-rewrite\\jestAdapter.js:79:19)\n    at runTestInternal (C:\\Users\\PC\\Desktop\\app\\PROJECT-Task-scheduler\\node_modules\\jest-runner\\build\\runTest.js:367:16)\n    at runTest (C:\\Users\\PC\\Desktop\\app\\PROJECT-Task-scheduler\\node_modules\\jest-runner\\build\\runTest.js:444:34)\n    at Object.worker (C:\\Users\\PC\\Desktop\\app\\PROJECT-Task-scheduler\\node_modules\\jest-runner\\build\\testWorker.js:106:12)"],"fullName":"Display Functions displayTasks should handle missing sortTasksSelect","invocations":1,"location":null,"numPassingAsserts":0,"retryReasons":[],"status":"failed","title":"displayTasks should handle missing sortTasksSelect"},{"ancestorTitles":["Password Toggle"],"duration":1,"failureDetails":[{"matcherResult":{"message":"\u001b[2mexpect(\u001b[22m\u001b[31mjest.fn()\u001b[39m\u001b[2m).\u001b[22mtoHaveBeenCalledWith\u001b[2m(\u001b[22m\u001b[32m...expected\u001b[39m\u001b[2m)\u001b[22m\n\nExpected: \u001b[32m\"click\"\u001b[39m, \u001b[32mAny<Function>\u001b[39m\n\nNumber of calls: \u001b[31m0\u001b[39m","pass":false}}],"failureMessages":["Error: \u001b[2mexpect(\u001b[22m\u001b[31mjest.fn()\u001b[39m\u001b[2m).\u001b[22mtoHaveBeenCalledWith\u001b[2m(\u001b[22m\u001b[32m...expected\u001b[39m\u001b[2m)\u001b[22m\n\nExpected: \u001b[32m\"click\"\u001b[39m, \u001b[32mAny<Function>\u001b[39m\n\nNumber of calls: \u001b[31m0\u001b[39m\n    at Object.toHaveBeenCalledWith (C:\\Users\\PC\\Desktop\\app\\PROJECT-Task-scheduler\\tests\\script.test.js:679:58)\n    at Promise.then.completed (C:\\Users\\PC\\Desktop\\app\\PROJECT-Task-scheduler\\node_modules\\jest-circus\\build\\utils.js:298:28)\n    at new Promise (<anonymous>)\n    at callAsyncCircusFn (C:\\Users\\PC\\Desktop\\app\\PROJECT-Task-scheduler\\node_modules\\jest-circus\\build\\utils.js:231:10)\n    at _callCircusTest (C:\\Users\\PC\\Desktop\\app\\PROJECT-Task-scheduler\\node_modules\\jest-circus\\build\\run.js:316:40)\n    at processTicksAndRejections (node:internal/process/task_queues:105:5)\n    at _runTest (C:\\Users\\PC\\Desktop\\app\\PROJECT-Task-scheduler\\node_modules\\jest-circus\\build\\run.js:252:3)\n    at _runTestsForDescribeBlock (C:\\Users\\PC\\Desktop\\app\\PROJECT-Task-scheduler\\node_modules\\jest-circus\\build\\run.js:126:9)\n    at _runTestsForDescribeBlock (C:\\Users\\PC\\Desktop\\app\\PROJECT-Task-scheduler\\node_modules\\jest-circus\\build\\run.js:121:9)\n    at run (C:\\Users\\PC\\Desktop\\app\\PROJECT-Task-scheduler\\node_modules\\jest-circus\\build\\run.js:71:3)\n    at runAndTransformResultsToJestFormat (C:\\Users\\PC\\Desktop\\app\\PROJECT-Task-scheduler\\node_modules\\jest-circus\\build\\legacy-code-todo-rewrite\\jestAdapterInit.js:122:21)\n    at jestAdapter (C:\\Users\\PC\\Desktop\\app\\PROJECT-Task-scheduler\\node_modules\\jest-circus\\build\\legacy-code-todo-rewrite\\jestAdapter.js:79:19)\n    at runTestInternal (C:\\Users\\PC\\Desktop\\app\\PROJECT-Task-scheduler\\node_modules\\jest-runner\\build\\runTest.js:367:16)\n    at runTest (C:\\Users\\PC\\Desktop\\app\\PROJECT-Task-scheduler\\node_modules\\jest-runner\\build\\runTest.js:444:34)\n    at Object.worker (C:\\Users\\PC\\Desktop\\app\\PROJECT-Task-scheduler\\node_modules\\jest-runner\\build\\testWorker.js:106:12)"],"fullName":"Password Toggle setupPasswordToggle should toggle password visibility","invocations":1,"location":null,"numPassingAsserts":0,"retryReasons":[],"status":"failed","title":"setupPasswordToggle should toggle password visibility"},{"ancestorTitles":["Password Toggle"],"duration":0,"failureDetails":[],"failureMessages":[],"fullName":"Password Toggle setupPasswordToggle should handle missing elements","invocations":1,"location":null,"numPassingAsserts":0,"retryReasons":[],"status":"passed","title":"setupPasswordToggle should handle missing elements"},{"ancestorTitles":["Utility Functions"],"duration":32,"failureDetails":[],"failureMessages":[],"fullName":"Utility Functions formatDate should handle valid date string","invocations":1,"location":null,"numPassingAsserts":1,"retryReasons":[],"status":"passed","title":"formatDate should handle valid date string"},{"ancestorTitles":["Utility Functions"],"duration":2,"failureDetails":[{"matcherResult":{"actual":"1/1/1970, 3:00:00 AM","expected":"Invalid Date","message":"\u001b[2mexpect(\u001b[22m\u001b[31mreceived\u001b[39m\u001b[2m).\u001b[22mtoBe\u001b[2m(\u001b[22m\u001b[32mexpected\u001b[39m\u001b[2m) // Object.is equality\u001b[22m\n\nExpected: \u001b[32m\"Invalid Date\"\u001b[39m\nReceived: \u001b[31m\"1/1/1970, 3:00:00 AM\"\u001b[39m","name":"toBe","pass":false}}],"failureMessages":["Error: \u001b[2mexpect(\u001b[22m\u001b[31mreceived\u001b[39m\u001b[2m).\u001b[22mtoBe\u001b[2m(\u001b[22m\u001b[32mexpected\u001b[39m\u001b[2m) // Object.is equality\u001b[22m\n\nExpected: \u001b[32m\"Invalid Date\"\u001b[39m\nReceived: \u001b[31m\"1/1/1970, 3:00:00 AM\"\u001b[39m\n    at Object.toBe (C:\\Users\\PC\\Desktop\\app\\PROJECT-Task-scheduler\\tests\\script.test.js:724:37)\n    at Promise.then.completed (C:\\Users\\PC\\Desktop\\app\\PROJECT-Task-scheduler\\node_modules\\jest-circus\\build\\utils.js:298:28)\n    at new Promise (<anonymous>)\n    at callAsyncCircusFn (C:\\Users\\PC\\Desktop\\app\\PROJECT-Task-scheduler\\node_modules\\jest-circus\\build\\utils.js:231:10)\n    at _callCircusTest (C:\\Users\\PC\\Desktop\\app\\PROJECT-Task-scheduler\\node_modules\\jest-circus\\build\\run.js:316:40)\n    at processTicksAndRejections (node:internal/process/task_queues:105:5)\n    at _runTest (C:\\Users\\PC\\Desktop\\app\\PROJECT-Task-scheduler\\node_modules\\jest-circus\\build\\run.js:252:3)\n    at _runTestsForDescribeBlock (C:\\Users\\PC\\Desktop\\app\\PROJECT-Task-scheduler\\node_modules\\jest-circus\\build\\run.js:126:9)\n    at _runTestsForDescribeBlock (C:\\Users\\PC\\Desktop\\app\\PROJECT-Task-scheduler\\node_modules\\jest-circus\\build\\run.js:121:9)\n    at run (C:\\Users\\PC\\Desktop\\app\\PROJECT-Task-scheduler\\node_modules\\jest-circus\\build\\run.js:71:3)\n    at runAndTransformResultsToJestFormat (C:\\Users\\PC\\Desktop\\app\\PROJECT-Task-scheduler\\node_modules\\jest-circus\\build\\legacy-code-todo-rewrite\\jestAdapterInit.js:122:21)\n    at jestAdapter (C:\\Users\\PC\\Desktop\\app\\PROJECT-Task-scheduler\\node_modules\\jest-circus\\build\\legacy-code-todo-rewrite\\jestAdapter.js:79:19)\n    at runTestInternal (C:\\Users\\PC\\Desktop\\app\\PROJECT-Task-scheduler\\node_modules\\jest-runner\\build\\runTest.js:367:16)\n    at runTest (C:\\Users\\PC\\Desktop\\app\\PROJECT-Task-scheduler\\node_modules\\jest-runner\\build\\runTest.js:444:34)\n    at Object.worker (C:\\Users\\PC\\Desktop\\app\\PROJECT-Task-scheduler\\node_modules\\jest-runner\\build\\testWorker.js:106:12)"],"fullName":"Utility Functions formatDate should handle invalid date","invocations":1,"location":null,"numPassingAsserts":1,"retryReasons":[],"status":"failed","title":"formatDate should handle invalid date"},{"ancestorTitles":["Utility Functions"],"duration":1,"failureDetails":[],"failureMessages":[],"fullName":"Utility Functions getPriorityClass should return correct class","invocations":1,"location":null,"numPassingAsserts":5,"retryReasons":[],"status":"passed","title":"getPriorityClass should return correct class"},{"ancestorTitles":["Edge Cases"],"duration":1,"failureDetails":[],"failureMessages":[],"fullName":"Edge Cases validators.required should handle whitespace-only input","invocations":1,"location":null,"numPassingAsserts":1,"retryReasons":[],"status":"passed","title":"validators.required should handle whitespace-only input"},{"ancestorTitles":["Edge Cases"],"duration":1,"failureDetails":[],"failureMessages":[],"fullName":"Edge Cases createTask should handle empty form data","invocations":1,"location":null,"numPassingAsserts":4,"retryReasons":[],"status":"passed","title":"createTask should handle empty form data"},{"ancestorTitles":["Edge Cases"],"duration":0,"failureDetails":[],"failureMessages":[],"fullName":"Edge Cases validators.future should handle empty date","invocations":1,"location":null,"numPassingAsserts":1,"retryReasons":[],"status":"passed","title":"validators.future should handle empty date"},{"ancestorTitles":["Edge Cases"],"duration":1,"failureDetails":[],"failureMessages":[],"fullName":"Edge Cases validators.future should handle invalid date","invocations":1,"location":null,"numPassingAsserts":1,"retryReasons":[],"status":"passed","title":"validators.future should handle invalid date"},{"ancestorTitles":["Edge Cases"],"duration":0,"failureDetails":[],"failureMessages":[],"fullName":"Edge Cases displayTasks should handle multiple sort scenarios","invocations":1,"location":null,"numPassingAsserts":0,"retryReasons":[],"status":"passed","title":"displayTasks should handle multiple sort scenarios"}],"endTime":1745577788527,"message":"\u001b[1m\u001b[31m  \u001b[1m● \u001b[22m\u001b[1mTask Management › handleAddOrUpdateTask should create new task\u001b[39m\u001b[22m\n\n    \u001b[2mexpect(\u001b[22m\u001b[31mreceived\u001b[39m\u001b[2m).\u001b[22mtoBe\u001b[2m(\u001b[22m\u001b[32mexpected\u001b[39m\u001b[2m) // Object.is equality\u001b[22m\n\n    Expected: \u001b[32m1\u001b[39m\n    Received: \u001b[31m0\u001b[39m\n\u001b[2m\u001b[22m\n\u001b[2m    \u001b[0m \u001b[90m 276 |\u001b[39m\u001b[22m\n\u001b[2m     \u001b[90m 277 |\u001b[39m     expect(event\u001b[33m.\u001b[39mpreventDefault)\u001b[33m.\u001b[39mtoHaveBeenCalled()\u001b[33m;\u001b[39m\u001b[22m\n\u001b[2m    \u001b[31m\u001b[1m>\u001b[22m\u001b[2m\u001b[39m\u001b[90m 278 |\u001b[39m     expect(script\u001b[33m.\u001b[39mstate\u001b[33m.\u001b[39mtasks\u001b[33m.\u001b[39mlength)\u001b[33m.\u001b[39mtoBe(\u001b[35m1\u001b[39m)\u001b[33m;\u001b[39m\u001b[22m\n\u001b[2m     \u001b[90m     |\u001b[39m                                       \u001b[31m\u001b[1m^\u001b[22m\u001b[2m\u001b[39m\u001b[22m\n\u001b[2m     \u001b[90m 279 |\u001b[39m     expect(script\u001b[33m.\u001b[39mstate\u001b[33m.\u001b[39mtasks[\u001b[35m0\u001b[39m]\u001b[33m.\u001b[39mname)\u001b[33m.\u001b[39mtoBe(\u001b[32m\"New test task\"\u001b[39m)\u001b[33m;\u001b[39m\u001b[22m\n\u001b[2m     \u001b[90m 280 |\u001b[39m     expect(mockElements\u001b[33m.\u001b[39maddTaskForm\u001b[33m.\u001b[39mreset)\u001b[33m.\u001b[39mtoHaveBeenCalled()\u001b[33m;\u001b[39m\u001b[22m\n\u001b[2m     \u001b[90m 281 |\u001b[39m     expect(script\u001b[33m.\u001b[39msaveToStorage)\u001b[33m.\u001b[39mtoHaveBeenCalled()\u001b[33m;\u001b[39m\u001b[0m\u001b[22m\n\u001b[2m\u001b[22m\n\u001b[2m      \u001b[2mat Object.toBe (\u001b[22m\u001b[2m\u001b[0m\u001b[36mtests/script.test.js\u001b[39m\u001b[0m\u001b[2m:278:39)\u001b[22m\u001b[2m\u001b[22m\n\n\u001b[1m\u001b[31m  \u001b[1m● \u001b[22m\u001b[1mTask Management › handleAddOrUpdateTask should handle validation failure\u001b[39m\u001b[22m\n\n    \u001b[2mexpect(\u001b[22m\u001b[31mreceived\u001b[39m\u001b[2m).\u001b[22mnot\u001b[2m.\u001b[22mtoHaveBeenCalled\u001b[2m()\u001b[22m\n\n    \u001b[1mMatcher error\u001b[22m: \u001b[31mreceived\u001b[39m value must be a mock or spy function\n\n    Received has type:  function\n    Received has value: \u001b[31m[Function saveToStorage]\u001b[39m\n\u001b[2m\u001b[22m\n\u001b[2m    \u001b[0m \u001b[90m 291 |\u001b[39m     expect(event\u001b[33m.\u001b[39mpreventDefault)\u001b[33m.\u001b[39mtoHaveBeenCalled()\u001b[33m;\u001b[39m\u001b[22m\n\u001b[2m     \u001b[90m 292 |\u001b[39m     expect(script\u001b[33m.\u001b[39mstate\u001b[33m.\u001b[39mtasks\u001b[33m.\u001b[39mlength)\u001b[33m.\u001b[39mtoBe(\u001b[35m0\u001b[39m)\u001b[33m;\u001b[39m\u001b[22m\n\u001b[2m    \u001b[31m\u001b[1m>\u001b[22m\u001b[2m\u001b[39m\u001b[90m 293 |\u001b[39m     expect(script\u001b[33m.\u001b[39msaveToStorage)\u001b[33m.\u001b[39mnot\u001b[33m.\u001b[39mtoHaveBeenCalled()\u001b[33m;\u001b[39m\u001b[22m\n\u001b[2m     \u001b[90m     |\u001b[39m                                      \u001b[31m\u001b[1m^\u001b[22m\u001b[2m\u001b[39m\u001b[22m\n\u001b[2m     \u001b[90m 294 |\u001b[39m   })\u001b[33m;\u001b[39m\u001b[22m\n\u001b[2m     \u001b[90m 295 |\u001b[39m\u001b[22m\n\u001b[2m     \u001b[90m 296 |\u001b[39m   test(\u001b[32m\"handleAddOrUpdateTask should update existing task\"\u001b[39m\u001b[33m,\u001b[39m () \u001b[33m=>\u001b[39m {\u001b[0m\u001b[22m\n\u001b[2m\u001b[22m\n\u001b[2m      \u001b[2mat Object.toHaveBeenCalled (\u001b[22m\u001b[2m\u001b[0m\u001b[36mtests/script.test.js\u001b[39m\u001b[0m\u001b[2m:293:38)\u001b[22m\u001b[2m\u001b[22m\n\n\u001b[1m\u001b[31m  \u001b[1m● \u001b[22m\u001b[1mTask Management › handleAddOrUpdateTask should update existing task\u001b[39m\u001b[22m\n\n    \u001b[2mexpect(\u001b[22m\u001b[31mreceived\u001b[39m\u001b[2m).\u001b[22mtoBe\u001b[2m(\u001b[22m\u001b[32mexpected\u001b[39m\u001b[2m) // Object.is equality\u001b[22m\n\n    Expected: \u001b[32m\"\u001b[7mNew test\u001b[27m task\"\u001b[39m\n    Received: \u001b[31m\"\u001b[7mOld\u001b[27m task\"\u001b[39m\n\u001b[2m\u001b[22m\n\u001b[2m    \u001b[0m \u001b[90m 312 |\u001b[39m     script\u001b[33m.\u001b[39mhandleAddOrUpdateTask(event)\u001b[33m;\u001b[39m\u001b[22m\n\u001b[2m     \u001b[90m 313 |\u001b[39m\u001b[22m\n\u001b[2m    \u001b[31m\u001b[1m>\u001b[22m\u001b[2m\u001b[39m\u001b[90m 314 |\u001b[39m     expect(script\u001b[33m.\u001b[39mstate\u001b[33m.\u001b[39mtasks[\u001b[35m0\u001b[39m]\u001b[33m.\u001b[39mname)\u001b[33m.\u001b[39mtoBe(\u001b[32m\"New test task\"\u001b[39m)\u001b[33m;\u001b[39m\u001b[22m\n\u001b[2m     \u001b[90m     |\u001b[39m                                        \u001b[31m\u001b[1m^\u001b[22m\u001b[2m\u001b[39m\u001b[22m\n\u001b[2m     \u001b[90m 315 |\u001b[39m     expect(script\u001b[33m.\u001b[39mstate\u001b[33m.\u001b[39meditingTaskId)\u001b[33m.\u001b[39mtoBeNull()\u001b[33m;\u001b[39m\u001b[22m\n\u001b[2m     \u001b[90m 316 |\u001b[39m     expect(script\u001b[33m.\u001b[39msaveToStorage)\u001b[33m.\u001b[39mtoHaveBeenCalled()\u001b[33m;\u001b[39m\u001b[22m\n\u001b[2m     \u001b[90m 317 |\u001b[39m     expect(script\u001b[33m.\u001b[39mdisplayTasks)\u001b[33m.\u001b[39mtoHaveBeenCalled()\u001b[33m;\u001b[39m\u001b[0m\u001b[22m\n\u001b[2m\u001b[22m\n\u001b[2m      \u001b[2mat Object.toBe (\u001b[22m\u001b[2m\u001b[0m\u001b[36mtests/script.test.js\u001b[39m\u001b[0m\u001b[2m:314:40)\u001b[22m\u001b[2m\u001b[22m\n\n\u001b[1m\u001b[31m  \u001b[1m● \u001b[22m\u001b[1mTask Management › deleteTask should remove task and update storage\u001b[39m\u001b[22m\n\n    \u001b[2mexpect(\u001b[22m\u001b[31mreceived\u001b[39m\u001b[2m).\u001b[22mtoHaveBeenCalled\u001b[2m()\u001b[22m\n\n    \u001b[1mMatcher error\u001b[22m: \u001b[31mreceived\u001b[39m value must be a mock or spy function\n\n    Received has type:  function\n    Received has value: \u001b[31m[Function saveToStorage]\u001b[39m\n\u001b[2m\u001b[22m\n\u001b[2m    \u001b[0m \u001b[90m 356 |\u001b[39m     expect(script\u001b[33m.\u001b[39mstate\u001b[33m.\u001b[39mtasks\u001b[33m.\u001b[39mlength)\u001b[33m.\u001b[39mtoBe(\u001b[35m1\u001b[39m)\u001b[33m;\u001b[39m\u001b[22m\n\u001b[2m     \u001b[90m 357 |\u001b[39m     expect(script\u001b[33m.\u001b[39mstate\u001b[33m.\u001b[39mtasks[\u001b[35m0\u001b[39m]\u001b[33m.\u001b[39mid)\u001b[33m.\u001b[39mtoBe(\u001b[35m2\u001b[39m)\u001b[33m;\u001b[39m\u001b[22m\n\u001b[2m    \u001b[31m\u001b[1m>\u001b[22m\u001b[2m\u001b[39m\u001b[90m 358 |\u001b[39m     expect(script\u001b[33m.\u001b[39msaveToStorage)\u001b[33m.\u001b[39mtoHaveBeenCalled()\u001b[33m;\u001b[39m\u001b[22m\n\u001b[2m     \u001b[90m     |\u001b[39m                                  \u001b[31m\u001b[1m^\u001b[22m\u001b[2m\u001b[39m\u001b[22m\n\u001b[2m     \u001b[90m 359 |\u001b[39m     expect(script\u001b[33m.\u001b[39mdisplayTasks)\u001b[33m.\u001b[39mtoHaveBeenCalled()\u001b[33m;\u001b[39m\u001b[22m\n\u001b[2m     \u001b[90m 360 |\u001b[39m   })\u001b[33m;\u001b[39m\u001b[22m\n\u001b[2m     \u001b[90m 361 |\u001b[39m\u001b[0m\u001b[22m\n\u001b[2m\u001b[22m\n\u001b[2m      \u001b[2mat Object.toHaveBeenCalled (\u001b[22m\u001b[2m\u001b[0m\u001b[36mtests/script.test.js\u001b[39m\u001b[0m\u001b[2m:358:34)\u001b[22m\u001b[2m\u001b[22m\n\n\u001b[1m\u001b[31m  \u001b[1m● \u001b[22m\u001b[1mTask Management › deleteTask should handle cancel confirmation\u001b[39m\u001b[22m\n\n    \u001b[2mexpect(\u001b[22m\u001b[31mreceived\u001b[39m\u001b[2m).\u001b[22mnot\u001b[2m.\u001b[22mtoHaveBeenCalled\u001b[2m()\u001b[22m\n\n    \u001b[1mMatcher error\u001b[22m: \u001b[31mreceived\u001b[39m value must be a mock or spy function\n\n    Received has type:  function\n    Received has value: \u001b[31m[Function saveToStorage]\u001b[39m\n\u001b[2m\u001b[22m\n\u001b[2m    \u001b[0m \u001b[90m 367 |\u001b[39m\u001b[22m\n\u001b[2m     \u001b[90m 368 |\u001b[39m     expect(script\u001b[33m.\u001b[39mstate\u001b[33m.\u001b[39mtasks\u001b[33m.\u001b[39mlength)\u001b[33m.\u001b[39mtoBe(\u001b[35m1\u001b[39m)\u001b[33m;\u001b[39m\u001b[22m\n\u001b[2m    \u001b[31m\u001b[1m>\u001b[22m\u001b[2m\u001b[39m\u001b[90m 369 |\u001b[39m     expect(script\u001b[33m.\u001b[39msaveToStorage)\u001b[33m.\u001b[39mnot\u001b[33m.\u001b[39mtoHaveBeenCalled()\u001b[33m;\u001b[39m\u001b[22m\n\u001b[2m     \u001b[90m     |\u001b[39m                                      \u001b[31m\u001b[1m^\u001b[22m\u001b[2m\u001b[39m\u001b[22m\n\u001b[2m     \u001b[90m 370 |\u001b[39m   })\u001b[33m;\u001b[39m\u001b[22m\n\u001b[2m     \u001b[90m 371 |\u001b[39m\u001b[22m\n\u001b[2m     \u001b[90m 372 |\u001b[39m   test(\u001b[32m\"enterEditMode should update form with task data\"\u001b[39m\u001b[33m,\u001b[39m () \u001b[33m=>\u001b[39m {\u001b[0m\u001b[22m\n\u001b[2m\u001b[22m\n\u001b[2m      \u001b[2mat Object.toHaveBeenCalled (\u001b[22m\u001b[2m\u001b[0m\u001b[36mtests/script.test.js\u001b[39m\u001b[0m\u001b[2m:369:38)\u001b[22m\u001b[2m\u001b[22m\n\n\u001b[1m\u001b[31m  \u001b[1m● \u001b[22m\u001b[1mTask Management › enterEditMode should update form with task data\u001b[39m\u001b[22m\n\n    TypeError: Cannot set properties of null (setting 'textContent')\n\u001b[2m\u001b[22m\n\u001b[2m    \u001b[0m \u001b[90m 211 |\u001b[39m\u001b[22m\n\u001b[2m     \u001b[90m 212 |\u001b[39m   state\u001b[33m.\u001b[39meditingTaskId \u001b[33m=\u001b[39m taskId\u001b[33m;\u001b[39m\u001b[22m\n\u001b[2m    \u001b[31m\u001b[1m>\u001b[22m\u001b[2m\u001b[39m\u001b[90m 213 |\u001b[39m   elements\u001b[33m.\u001b[39maddTaskBtn\u001b[33m.\u001b[39mtextContent \u001b[33m=\u001b[39m \u001b[32m\"Update Task\"\u001b[39m\u001b[33m;\u001b[39m\u001b[22m\n\u001b[2m     \u001b[90m     |\u001b[39m                                  \u001b[31m\u001b[1m^\u001b[22m\u001b[2m\u001b[39m\u001b[22m\n\u001b[2m     \u001b[90m 214 |\u001b[39m   elements\u001b[33m.\u001b[39mcancelEditBtn\u001b[33m.\u001b[39mstyle\u001b[33m.\u001b[39mdisplay \u001b[33m=\u001b[39m \u001b[32m\"inline-block\"\u001b[39m\u001b[33m;\u001b[39m\u001b[22m\n\u001b[2m     \u001b[90m 215 |\u001b[39m\u001b[22m\n\u001b[2m     \u001b[90m 216 |\u001b[39m   \u001b[36mconst\u001b[39m form \u001b[33m=\u001b[39m elements\u001b[33m.\u001b[39maddTaskForm\u001b[33m;\u001b[39m\u001b[0m\u001b[22m\n\u001b[2m\u001b[22m\n\u001b[2m      \u001b[2mat Object.enterEditMode (\u001b[22m\u001b[2msrc/script.js\u001b[2m:213:34)\u001b[22m\u001b[2m\u001b[22m\n\u001b[2m      \u001b[2mat Object.enterEditMode (\u001b[22m\u001b[2m\u001b[0m\u001b[36mtests/script.test.js\u001b[39m\u001b[0m\u001b[2m:383:12)\u001b[22m\u001b[2m\u001b[22m\n\n\u001b[1m\u001b[31m  \u001b[1m● \u001b[22m\u001b[1mTask Management › exitEditMode should reset form and update UI\u001b[39m\u001b[22m\n\n    \u001b[2mexpect(\u001b[22m\u001b[31mreceived\u001b[39m\u001b[2m).\u001b[22mtoBe\u001b[2m(\u001b[22m\u001b[32mexpected\u001b[39m\u001b[2m) // Object.is equality\u001b[22m\n\n    Expected: \u001b[32m\"\u001b[7mAdd\u001b[27m Task\"\u001b[39m\n    Received: \u001b[31m\"\u001b[7mUpdate\u001b[27m Task\"\u001b[39m\n\u001b[2m\u001b[22m\n\u001b[2m    \u001b[0m \u001b[90m 404 |\u001b[39m\u001b[22m\n\u001b[2m     \u001b[90m 405 |\u001b[39m     expect(script\u001b[33m.\u001b[39mstate\u001b[33m.\u001b[39meditingTaskId)\u001b[33m.\u001b[39mtoBeNull()\u001b[33m;\u001b[39m\u001b[22m\n\u001b[2m    \u001b[31m\u001b[1m>\u001b[22m\u001b[2m\u001b[39m\u001b[90m 406 |\u001b[39m     expect(mockElements\u001b[33m.\u001b[39maddTaskBtn\u001b[33m.\u001b[39mtextContent)\u001b[33m.\u001b[39mtoBe(\u001b[32m\"Add Task\"\u001b[39m)\u001b[33m;\u001b[39m\u001b[22m\n\u001b[2m     \u001b[90m     |\u001b[39m                                                 \u001b[31m\u001b[1m^\u001b[22m\u001b[2m\u001b[39m\u001b[22m\n\u001b[2m     \u001b[90m 407 |\u001b[39m     expect(mockElements\u001b[33m.\u001b[39mcancelEditBtn\u001b[33m.\u001b[39mstyle\u001b[33m.\u001b[39mdisplay)\u001b[33m.\u001b[39mtoBe(\u001b[32m\"none\"\u001b[39m)\u001b[33m;\u001b[39m\u001b[22m\n\u001b[2m     \u001b[90m 408 |\u001b[39m     expect(mockElements\u001b[33m.\u001b[39maddTaskForm\u001b[33m.\u001b[39mreset)\u001b[33m.\u001b[39mtoHaveBeenCalled()\u001b[33m;\u001b[39m\u001b[22m\n\u001b[2m     \u001b[90m 409 |\u001b[39m   })\u001b[33m;\u001b[39m\u001b[0m\u001b[22m\n\u001b[2m\u001b[22m\n\u001b[2m      \u001b[2mat Object.toBe (\u001b[22m\u001b[2m\u001b[0m\u001b[36mtests/script.test.js\u001b[39m\u001b[0m\u001b[2m:406:49)\u001b[22m\u001b[2m\u001b[22m\n\n\u001b[1m\u001b[31m  \u001b[1m● \u001b[22m\u001b[1mAuthentication Functions › handleLogin should validate credentials\u001b[39m\u001b[22m\n\n    \u001b[2mexpect(\u001b[22m\u001b[31mreceived\u001b[39m\u001b[2m).\u001b[22mtoBe\u001b[2m(\u001b[22m\u001b[32mexpected\u001b[39m\u001b[2m) // Object.is equality\u001b[22m\n\n    Expected: \u001b[32m\"awakjairo\"\u001b[39m\n    Received: \u001b[31mnull\u001b[39m\n\u001b[2m\u001b[22m\n\u001b[2m    \u001b[0m \u001b[90m 521 |\u001b[39m\u001b[22m\n\u001b[2m     \u001b[90m 522 |\u001b[39m     expect(event\u001b[33m.\u001b[39mpreventDefault)\u001b[33m.\u001b[39mtoHaveBeenCalled()\u001b[33m;\u001b[39m\u001b[22m\n\u001b[2m    \u001b[31m\u001b[1m>\u001b[22m\u001b[2m\u001b[39m\u001b[90m 523 |\u001b[39m     expect(script\u001b[33m.\u001b[39mstate\u001b[33m.\u001b[39mcurrentUser)\u001b[33m.\u001b[39mtoBe(\u001b[32m\"awakjairo\"\u001b[39m)\u001b[33m;\u001b[39m\u001b[22m\n\u001b[2m     \u001b[90m     |\u001b[39m                                      \u001b[31m\u001b[1m^\u001b[22m\u001b[2m\u001b[39m\u001b[22m\n\u001b[2m     \u001b[90m 524 |\u001b[39m     expect(mockElements\u001b[33m.\u001b[39mloginContainer\u001b[33m.\u001b[39mstyle\u001b[33m.\u001b[39mdisplay)\u001b[33m.\u001b[39mtoBe(\u001b[32m\"none\"\u001b[39m)\u001b[33m;\u001b[39m\u001b[22m\n\u001b[2m     \u001b[90m 525 |\u001b[39m     expect(mockElements\u001b[33m.\u001b[39mtaskSchedulerApp\u001b[33m.\u001b[39mstyle\u001b[33m.\u001b[39mdisplay)\u001b[33m.\u001b[39mtoBe(\u001b[32m\"block\"\u001b[39m)\u001b[33m;\u001b[39m\u001b[22m\n\u001b[2m     \u001b[90m 526 |\u001b[39m     expect(mockElements\u001b[33m.\u001b[39mwelcomeUser\u001b[33m.\u001b[39mtextContent)\u001b[33m.\u001b[39mtoBe(\u001b[32m\"Welcome, awakjairo!\"\u001b[39m)\u001b[33m;\u001b[39m\u001b[0m\u001b[22m\n\u001b[2m\u001b[22m\n\u001b[2m      \u001b[2mat Object.toBe (\u001b[22m\u001b[2m\u001b[0m\u001b[36mtests/script.test.js\u001b[39m\u001b[0m\u001b[2m:523:38)\u001b[22m\u001b[2m\u001b[22m\n\n\u001b[1m\u001b[31m  \u001b[1m● \u001b[22m\u001b[1mAuthentication Functions › handleLogin should handle invalid credentials\u001b[39m\u001b[22m\n\n    \u001b[2mexpect(\u001b[22m\u001b[31mreceived\u001b[39m\u001b[2m).\u001b[22mtoContain\u001b[2m(\u001b[22m\u001b[32mexpected\u001b[39m\u001b[2m) // indexOf\u001b[22m\n\n    Expected substring: \u001b[32m\"Invalid username or password\"\u001b[39m\n    Received string:    \u001b[31m\"\"\u001b[39m\n\u001b[2m\u001b[22m\n\u001b[2m    \u001b[0m \u001b[90m 546 |\u001b[39m\u001b[22m\n\u001b[2m     \u001b[90m 547 |\u001b[39m     \u001b[90m// Verify error message is set\u001b[39m\u001b[22m\n\u001b[2m    \u001b[31m\u001b[1m>\u001b[22m\u001b[2m\u001b[39m\u001b[90m 548 |\u001b[39m     expect(mockElements\u001b[33m.\u001b[39mloginErrorMessage\u001b[33m.\u001b[39minnerHTML)\u001b[33m.\u001b[39mtoContain(\u001b[22m\n\u001b[2m     \u001b[90m     |\u001b[39m                                                      \u001b[31m\u001b[1m^\u001b[22m\u001b[2m\u001b[39m\u001b[22m\n\u001b[2m     \u001b[90m 549 |\u001b[39m       \u001b[32m\"Invalid username or password\"\u001b[39m\u001b[22m\n\u001b[2m     \u001b[90m 550 |\u001b[39m     )\u001b[33m;\u001b[39m\u001b[22m\n\u001b[2m     \u001b[90m 551 |\u001b[39m   })\u001b[33m;\u001b[39m\u001b[0m\u001b[22m\n\u001b[2m\u001b[22m\n\u001b[2m      \u001b[2mat Object.toContain (\u001b[22m\u001b[2m\u001b[0m\u001b[36mtests/script.test.js\u001b[39m\u001b[0m\u001b[2m:548:54)\u001b[22m\u001b[2m\u001b[22m\n\n\u001b[1m\u001b[31m  \u001b[1m● \u001b[22m\u001b[1mAuthentication Functions › handleLogin should handle validation failure\u001b[39m\u001b[22m\n\n    \u001b[2mexpect(\u001b[22m\u001b[31mreceived\u001b[39m\u001b[2m).\u001b[22mnot\u001b[2m.\u001b[22mtoHaveBeenCalled\u001b[2m()\u001b[22m\n\n    \u001b[1mMatcher error\u001b[22m: \u001b[31mreceived\u001b[39m value must be a mock or spy function\n\n    Received has type:  function\n    Received has value: \u001b[31m[Function loadFromStorage]\u001b[39m\n\u001b[2m\u001b[22m\n\u001b[2m    \u001b[0m \u001b[90m 558 |\u001b[39m\u001b[22m\n\u001b[2m     \u001b[90m 559 |\u001b[39m     expect(event\u001b[33m.\u001b[39mpreventDefault)\u001b[33m.\u001b[39mtoHaveBeenCalled()\u001b[33m;\u001b[39m\u001b[22m\n\u001b[2m    \u001b[31m\u001b[1m>\u001b[22m\u001b[2m\u001b[39m\u001b[90m 560 |\u001b[39m     expect(script\u001b[33m.\u001b[39mloadFromStorage)\u001b[33m.\u001b[39mnot\u001b[33m.\u001b[39mtoHaveBeenCalled()\u001b[33m;\u001b[39m\u001b[22m\n\u001b[2m     \u001b[90m     |\u001b[39m                                        \u001b[31m\u001b[1m^\u001b[22m\u001b[2m\u001b[39m\u001b[22m\n\u001b[2m     \u001b[90m 561 |\u001b[39m   })\u001b[33m;\u001b[39m\u001b[22m\n\u001b[2m     \u001b[90m 562 |\u001b[39m\u001b[22m\n\u001b[2m     \u001b[90m 563 |\u001b[39m   test(\u001b[32m\"handleLogout should clear state and reset UI\"\u001b[39m\u001b[33m,\u001b[39m () \u001b[33m=>\u001b[39m {\u001b[0m\u001b[22m\n\u001b[2m\u001b[22m\n\u001b[2m      \u001b[2mat Object.toHaveBeenCalled (\u001b[22m\u001b[2m\u001b[0m\u001b[36mtests/script.test.js\u001b[39m\u001b[0m\u001b[2m:560:40)\u001b[22m\u001b[2m\u001b[22m\n\n\u001b[1m\u001b[31m  \u001b[1m● \u001b[22m\u001b[1mAuthentication Functions › handleLogout should clear state and reset UI\u001b[39m\u001b[22m\n\n    TypeError: Cannot read properties of null (reading 'style')\n\u001b[2m\u001b[22m\n\u001b[2m    \u001b[0m \u001b[90m 160 |\u001b[39m   state\u001b[33m.\u001b[39mtasks \u001b[33m=\u001b[39m []\u001b[33m;\u001b[39m\u001b[22m\n\u001b[2m     \u001b[90m 161 |\u001b[39m   state\u001b[33m.\u001b[39meditingTaskId \u001b[33m=\u001b[39m \u001b[36mnull\u001b[39m\u001b[33m;\u001b[39m\u001b[22m\n\u001b[2m    \u001b[31m\u001b[1m>\u001b[22m\u001b[2m\u001b[39m\u001b[90m 162 |\u001b[39m   elements\u001b[33m.\u001b[39mloginContainer\u001b[33m.\u001b[39mstyle\u001b[33m.\u001b[39mdisplay \u001b[33m=\u001b[39m \u001b[32m\"block\"\u001b[39m\u001b[33m;\u001b[39m\u001b[22m\n\u001b[2m     \u001b[90m     |\u001b[39m                           \u001b[31m\u001b[1m^\u001b[22m\u001b[2m\u001b[39m\u001b[22m\n\u001b[2m     \u001b[90m 163 |\u001b[39m   elements\u001b[33m.\u001b[39mtaskSchedulerApp\u001b[33m.\u001b[39mstyle\u001b[33m.\u001b[39mdisplay \u001b[33m=\u001b[39m \u001b[32m\"none\"\u001b[39m\u001b[33m;\u001b[39m\u001b[22m\n\u001b[2m     \u001b[90m 164 |\u001b[39m   elements\u001b[33m.\u001b[39mloginForm\u001b[33m.\u001b[39mreset()\u001b[33m;\u001b[39m\u001b[22m\n\u001b[2m     \u001b[90m 165 |\u001b[39m   elements\u001b[33m.\u001b[39mloginErrorMessage\u001b[33m.\u001b[39mtextContent \u001b[33m=\u001b[39m \u001b[32m\"\"\u001b[39m\u001b[33m;\u001b[39m\u001b[0m\u001b[22m\n\u001b[2m\u001b[22m\n\u001b[2m      \u001b[2mat Object.style [as handleLogout] (\u001b[22m\u001b[2msrc/script.js\u001b[2m:162:27)\u001b[22m\u001b[2m\u001b[22m\n\u001b[2m      \u001b[2mat Object.handleLogout (\u001b[22m\u001b[2m\u001b[0m\u001b[36mtests/script.test.js\u001b[39m\u001b[0m\u001b[2m:569:12)\u001b[22m\u001b[2m\u001b[22m\n\n\u001b[1m\u001b[31m  \u001b[1m● \u001b[22m\u001b[1mDisplay Functions › displayTasks should handle sorting and display\u001b[39m\u001b[22m\n\n    \u001b[2mexpect(\u001b[22m\u001b[31mjest.fn()\u001b[39m\u001b[2m).\u001b[22mtoHaveBeenCalledWith\u001b[2m(\u001b[22m\u001b[32m...expected\u001b[39m\u001b[2m)\u001b[22m\n\n    Expected: \u001b[32m\"li\"\u001b[39m\n\n    Number of calls: \u001b[31m0\u001b[39m\n\u001b[2m\u001b[22m\n\u001b[2m    \u001b[0m \u001b[90m 601 |\u001b[39m     script\u001b[33m.\u001b[39mdisplayTasks()\u001b[33m;\u001b[39m\u001b[22m\n\u001b[2m     \u001b[90m 602 |\u001b[39m\u001b[22m\n\u001b[2m    \u001b[31m\u001b[1m>\u001b[22m\u001b[2m\u001b[39m\u001b[90m 603 |\u001b[39m     expect(document\u001b[33m.\u001b[39mcreateElement)\u001b[33m.\u001b[39mtoHaveBeenCalledWith(\u001b[32m\"li\"\u001b[39m)\u001b[33m;\u001b[39m\u001b[22m\n\u001b[2m     \u001b[90m     |\u001b[39m                                    \u001b[31m\u001b[1m^\u001b[22m\u001b[2m\u001b[39m\u001b[22m\n\u001b[2m     \u001b[90m 604 |\u001b[39m     expect(mockElements\u001b[33m.\u001b[39mtaskList\u001b[33m.\u001b[39mappendChild)\u001b[33m.\u001b[39mtoHaveBeenCalled()\u001b[33m;\u001b[39m\u001b[22m\n\u001b[2m     \u001b[90m 605 |\u001b[39m\u001b[22m\n\u001b[2m     \u001b[90m 606 |\u001b[39m     \u001b[90m// Reset mocks\u001b[39m\u001b[0m\u001b[22m\n\u001b[2m\u001b[22m\n\u001b[2m      \u001b[2mat Object.toHaveBeenCalledWith (\u001b[22m\u001b[2m\u001b[0m\u001b[36mtests/script.test.js\u001b[39m\u001b[0m\u001b[2m:603:36)\u001b[22m\u001b[2m\u001b[22m\n\n\u001b[1m\u001b[31m  \u001b[1m● \u001b[22m\u001b[1mDisplay Functions › displayTasks should handle missing sortTasksSelect\u001b[39m\u001b[22m\n\n    \u001b[2mexpect(\u001b[22m\u001b[31mjest.fn()\u001b[39m\u001b[2m).\u001b[22mtoHaveBeenCalledWith\u001b[2m(\u001b[22m\u001b[32m...expected\u001b[39m\u001b[2m)\u001b[22m\n\n    Expected: \u001b[32m\"li\"\u001b[39m\n\n    Number of calls: \u001b[31m0\u001b[39m\n\u001b[2m\u001b[22m\n\u001b[2m    \u001b[0m \u001b[90m 665 |\u001b[39m     script\u001b[33m.\u001b[39mdisplayTasks()\u001b[33m;\u001b[39m\u001b[22m\n\u001b[2m     \u001b[90m 666 |\u001b[39m\u001b[22m\n\u001b[2m    \u001b[31m\u001b[1m>\u001b[22m\u001b[2m\u001b[39m\u001b[90m 667 |\u001b[39m     expect(document\u001b[33m.\u001b[39mcreateElement)\u001b[33m.\u001b[39mtoHaveBeenCalledWith(\u001b[32m\"li\"\u001b[39m)\u001b[33m;\u001b[39m\u001b[22m\n\u001b[2m     \u001b[90m     |\u001b[39m                                    \u001b[31m\u001b[1m^\u001b[22m\u001b[2m\u001b[39m\u001b[22m\n\u001b[2m     \u001b[90m 668 |\u001b[39m\u001b[22m\n\u001b[2m     \u001b[90m 669 |\u001b[39m     \u001b[90m// Restore\u001b[39m\u001b[22m\n\u001b[2m     \u001b[90m 670 |\u001b[39m     mockElements\u001b[33m.\u001b[39msortTasksSelect \u001b[33m=\u001b[39m originalSortTasksSelect\u001b[33m;\u001b[39m\u001b[0m\u001b[22m\n\u001b[2m\u001b[22m\n\u001b[2m      \u001b[2mat Object.toHaveBeenCalledWith (\u001b[22m\u001b[2m\u001b[0m\u001b[36mtests/script.test.js\u001b[39m\u001b[0m\u001b[2m:667:36)\u001b[22m\u001b[2m\u001b[22m\n\n\u001b[1m\u001b[31m  \u001b[1m● \u001b[22m\u001b[1mPassword Toggle › setupPasswordToggle should toggle password visibility\u001b[39m\u001b[22m\n\n    \u001b[2mexpect(\u001b[22m\u001b[31mjest.fn()\u001b[39m\u001b[2m).\u001b[22mtoHaveBeenCalledWith\u001b[2m(\u001b[22m\u001b[32m...expected\u001b[39m\u001b[2m)\u001b[22m\n\n    Expected: \u001b[32m\"click\"\u001b[39m, \u001b[32mAny<Function>\u001b[39m\n\n    Number of calls: \u001b[31m0\u001b[39m\n\u001b[2m\u001b[22m\n\u001b[2m    \u001b[0m \u001b[90m 677 |\u001b[39m\u001b[22m\n\u001b[2m     \u001b[90m 678 |\u001b[39m     \u001b[90m// Verify the handler was attached\u001b[39m\u001b[22m\n\u001b[2m    \u001b[31m\u001b[1m>\u001b[22m\u001b[2m\u001b[39m\u001b[90m 679 |\u001b[39m     expect(mockElements\u001b[33m.\u001b[39mtogglePassword\u001b[33m.\u001b[39maddEventListener)\u001b[33m.\u001b[39mtoHaveBeenCalledWith(\u001b[22m\n\u001b[2m     \u001b[90m     |\u001b[39m                                                          \u001b[31m\u001b[1m^\u001b[22m\u001b[2m\u001b[39m\u001b[22m\n\u001b[2m     \u001b[90m 680 |\u001b[39m       \u001b[32m\"click\"\u001b[39m\u001b[33m,\u001b[39m\u001b[22m\n\u001b[2m     \u001b[90m 681 |\u001b[39m       expect\u001b[33m.\u001b[39many(\u001b[33mFunction\u001b[39m)\u001b[22m\n\u001b[2m     \u001b[90m 682 |\u001b[39m     )\u001b[33m;\u001b[39m\u001b[0m\u001b[22m\n\u001b[2m\u001b[22m\n\u001b[2m      \u001b[2mat Object.toHaveBeenCalledWith (\u001b[22m\u001b[2m\u001b[0m\u001b[36mtests/script.test.js\u001b[39m\u001b[0m\u001b[2m:679:58)\u001b[22m\u001b[2m\u001b[22m\n\n\u001b[1m\u001b[31m  \u001b[1m● \u001b[22m\u001b[1mUtility Functions › formatDate should handle invalid date\u001b[39m\u001b[22m\n\n    \u001b[2mexpect(\u001b[22m\u001b[31mreceived\u001b[39m\u001b[2m).\u001b[22mtoBe\u001b[2m(\u001b[22m\u001b[32mexpected\u001b[39m\u001b[2m) // Object.is equality\u001b[22m\n\n    Expected: \u001b[32m\"Invalid Date\"\u001b[39m\n    Received: \u001b[31m\"1/1/1970, 3:00:00 AM\"\u001b[39m\n\u001b[2m\u001b[22m\n\u001b[2m    \u001b[0m \u001b[90m 722 |\u001b[39m\u001b[22m\n\u001b[2m     \u001b[90m 723 |\u001b[39m     \u001b[90m// Test with null\u001b[39m\u001b[22m\n\u001b[2m    \u001b[31m\u001b[1m>\u001b[22m\u001b[2m\u001b[39m\u001b[90m 724 |\u001b[39m     expect(script\u001b[33m.\u001b[39mformatDate(\u001b[36mnull\u001b[39m))\u001b[33m.\u001b[39mtoBe(\u001b[32m\"Invalid Date\"\u001b[39m)\u001b[33m;\u001b[39m\u001b[22m\n\u001b[2m     \u001b[90m     |\u001b[39m                                     \u001b[31m\u001b[1m^\u001b[22m\u001b[2m\u001b[39m\u001b[22m\n\u001b[2m     \u001b[90m 725 |\u001b[39m\u001b[22m\n\u001b[2m     \u001b[90m 726 |\u001b[39m     \u001b[90m// Test with undefined\u001b[39m\u001b[22m\n\u001b[2m     \u001b[90m 727 |\u001b[39m     expect(script\u001b[33m.\u001b[39mformatDate(undefined))\u001b[33m.\u001b[39mtoBe(\u001b[32m\"Invalid Date\"\u001b[39m)\u001b[33m;\u001b[39m\u001b[0m\u001b[22m\n\u001b[2m\u001b[22m\n\u001b[2m      \u001b[2mat Object.toBe (\u001b[22m\u001b[2m\u001b[0m\u001b[36mtests/script.test.js\u001b[39m\u001b[0m\u001b[2m:724:37)\u001b[22m\u001b[2m\u001b[22m\n","name":"C:\\Users\\PC\\Desktop\\app\\PROJECT-Task-scheduler\\tests\\script.test.js","startTime":1745577786334,"status":"failed","summary":""}],"wasInterrupted":false,"coverageMap":{"C:\\Users\\PC\\Desktop\\app\\PROJECT-Task-scheduler\\src\\redirect.js":{"path":"C:\\Users\\PC\\Desktop\\app\\PROJECT-Task-scheduler\\src\\redirect.js","statementMap":{"0":{"start":{"line":4,"column":27},"end":{"line":4,"column":46}},"1":{"start":{"line":5,"column":35},"end":{"line":8,"column":1}},"2":{"start":{"line":12,"column":2},"end":{"line":20,"column":3}},"3":{"start":{"line":13,"column":19},"end":{"line":13,"column":52}},"4":{"start":{"line":14,"column":4},"end":{"line":14,"column":30}},"5":{"start":{"line":14,"column":17},"end":{"line":14,"column":30}},"6":{"start":{"line":16,"column":17},"end":{"line":16,"column":35}},"7":{"start":{"line":17,"column":4},"end":{"line":17,"column":61}},"8":{"start":{"line"
[...]
"column":29}},"155":{"start":{"line":328,"column":22},"end":{"line":328,"column":29}},"156":{"start":{"line":331,"column":6},"end":{"line":334,"column":7}},"157":{"start":{"line":332,"column":8},"end":{"line":332,"column":24}},"158":{"start":{"line":333,"column":8},"end":{"line":333,"column":15}},"159":{"start":{"line":337,"column":6},"end":{"line":340,"column":9}},"160":{"start":{"line":338,"column":8},"end":{"line":338,"column":27}},"161":{"start":{"line":339,"column":8},"end":{"line":339,"column":22}},"162":{"start":{"line":341,"column":6},"end":{"line":341,"column":12}},"163":{"start":{"line":346,"column":6},"end":{"line":349,"column":7}},"164":{"start":{"line":347,"column":8},"end":{"line":347,"column":26}},"165":{"start":{"line":348,"column":8},"end":{"line":348,"column":15}},"166":{"start":{"line":352,"column":6},"end":{"line":352,"column":44}},"167":{"start":{"line":352,"column":37},"end":{"line":352,"column":44}},"168":{"start":{"line":355,"column":6},"end":{"line":355,"column":21}},"169":{"start":{"line":358,"column":6},"end":{"line":361,"column":9}},"170":{"start":{"line":359,"column":8},"end":{"line":359,"column":27}},"171":{"start":{"line":360,"column":8},"end":{"line":360,"column":32}},"172":{"start":{"line":364,"column":6},"end":{"line":369,"column":7}},"173":{"start":{"line":365,"column":8},"end":{"line":368,"column":11}},"174":{"start":{"line":366,"column":25},"end":{"line":366,"column":39}},"175":{"start":{"line":367,"column":10},"end":{"line":367,"column":25}},"176":{"start":{"line":372,"column":6},"end":{"line":374,"column":7}},"177":{"start":{"line":373,"column":8},"end":{"line":373,"column":58}},"178":{"start":{"line":375,"column":6},"end":{"line":375,"column":12}}},"fnMap":{"0":{"name":"loadFromStorage","decl":{"start":{"line":41,"column":16},"end":{"line":41,"column":31}},"loc":{"start":{"line":41,"column":34},"end":{"line":54,"column":1}},"line":41},"1":{"name":"saveToStorage","decl":{"start":{"line":57,"column":16},"end":{"line":57,"column":29}},"loc":{"start":{"line":57,"column":32},"end":{"line":68,"column":1}},"line":57},"2":{"name":"(anonymous_2)","decl":{"start":{"line":72,"column":12},"end":{"line":72,"column":13}},"loc":{"start":{"line":72,"column":24},"end":{"line":72,"column":75}},"line":72},"3":{"name":"(anonymous_3)","decl":{"start":{"line":73,"column":10},"end":{"line":73,"column":11}},"loc":{"start":{"line":73,"column":21},"end":{"line":77,"column":3}},"line":73},"4":{"name":"validateField","decl":{"start":{"line":80,"column":16},"end":{"line":80,"column":29}},"loc":{"start":{"line":80,"column":37},"end":{"line":89,"column":1}},"line":80},"5":{"name":"validateForm","decl":{"start":{"line":91,"column":16},"end":{"line":91,"column":28}},"loc":{"start":{"line":91,"column":35},"end":{"line":106,"column":1}},"line":91},"6":{"name":"(anonymous_6)","decl":{"start":{"line":96,"column":17},"end":{"line":96,"column":18}},"loc":{"start":{"line":96,"column":28},"end":{"line":103,"column":3}},"line":96},"7":{"name":"setupPasswordToggle","decl":{"start":{"line":109,"column":16},"end":{"line":109,"column":35}},"loc":{"start":{"line":109,"column":38},"end":{"line":123,"column":1}},"line":109},"8":{"name":"(anonymous_8)","decl":{"start":{"line":111,"column":54},"end":{"line":111,"column":55}},"loc":{"start":{"line":111,"column":60},"end":{"line":121,"column":5}},"line":111},"9":{"name":"showError","decl":{"start":{"line":126,"column":9},"end":{"line":126,"column":18}},"loc":{"start":{"line":126,"column":37},"end":{"line":132,"column":1}},"line":126},"10":{"name":"handleLogin","decl":{"start":{"line":135,"column":16},"end":{"line":135,"column":27}},"loc":{"start":{"line":135,"column":31},"end":{"line":155,"column":1}},"line":135},"11":{"name":"handleLogout","decl":{"start":{"line":158,"column":16},"end":{"line":158,"column":28}},"loc":{"start":{"line":158,"column":31},"end":{"line":166,"column":1}},"line":158},"12":{"name":"createTask","decl":{"start":{"line":169,"column":16},"end":{"line":169,"column":26}},"loc":{"start":{"line":169,"column":37},"end":{"line":178,"column":1}},"line":169},"13":{"name":"handleAddOrUpdateTask","decl":{"start":{"line":180,"column":16},"end":{"line":180,"column":37}},"loc":{"start":{"line":180,"column":41},"end":{"line":206,"column":1}},"line":180},"14":{"name":"(anonymous_14)","decl":{"start":{"line":188,"column":6},"end":{"line":188,"column":7}},"loc":{"start":{"line":188,"column":13},"end":{"line":188,"column":41}},"line":188},"15":{"name":"enterEditMode","decl":{"start":{"line":208,"column":16},"end":{"line":208,"column":29}},"loc":{"start":{"line":208,"column":38},"end":{"line":223,"column":1}},"line":208},"16":{"name":"(anonymous_16)","decl":{"start":{"line":209,"column":32},"end":{"line":209,"column":33}},"loc":{"start":{"line":209,"column":39},"end":{"line":209,"column":54}},"line":209},"17":{"name":"exitEditMode","decl":{"start":{"line":225,"column":16},"end":{"line":225,"column":28}},"loc":{"start":{"line":225,"column":31},"end":{"line":230,"column":1}},"line":225},"18":{"name":"deleteTask","decl":{"start":{"line":232,"column":16},"end":{"line":232,"column":26}},"loc":{"start":{"line":232,"column":35},"end":{"line":238,"column":1}},"line":232},"19":{"name":"(anonymous_19)","decl":{"start":{"line":235,"column":35},"end":{"line":235,"column":36}},"loc":{"start":{"line":235,"column":42},"end":{"line":235,"column":57}},"line":235},"20":{"name":"formatDate","decl":{"start":{"line":241,"column":16},"end":{"line":241,"column":26}},"loc":{"start":{"line":241,"column":39},"end":{"line":249,"column":1}},"line":241},"21":{"name":"getPriorityClass","decl":{"start":{"line":251,"column":16},"end":{"line":251,"column":32}},"loc":{"start":{"line":251,"column":43},"end":{"line":258,"column":1}},"line":251},"22":{"name":"compareTasks","decl":{"start":{"line":260,"column":9},"end":{"line":260,"column":21}},"loc":{"start":{"line":260,"column":36},"end":{"line":271,"column":1}},"line":260},"23":{"name":"displayTasks","decl":{"start":{"line":274,"column":16},"end":{"line":274,"column":28}},"loc":{"start":{"line":274,"column":31},"end":{"line":298,"column":1}},"line":274},"24":{"name":"(anonymous_24)","decl":{"start":{"line":280,"column":44},"end":{"line":280,"column":45}},"loc":{"start":{"line":281,"column":4},"end":{"line":281,"column":30}},"line":281},"25":{"name":"(anonymous_25)","decl":{"start":{"line":284,"column":22},"end":{"line":284,"column":23}},"loc":{"start":{"line":284,"column":32},"end":{"line":297,"column":3}},"line":284},"26":{"name":"(anonymous_26)","decl":{"start":{"line":301,"column":46},"end":{"line":301,"column":47}},"loc":{"start":{"line":301,"column":52},"end":{"line":377,"column":1}},"line":301},"27":{"name":"(anonymous_27)","decl":{"start":{"line":337,"column":43},"end":{"line":337,"column":44}},"loc":{"start":{"line":337,"column":50},"end":{"line":340,"column":7}},"line":337},"28":{"name":"(anonymous_28)","decl":{"start":{"line":358,"column":45},"end":{"line":358,"column":46}},"loc":{"start":{"line":358,"column":52},"end":{"line":361,"column":7}},"line":358},"29":{"name":"(anonymous_29)","decl":{"start":{"line":365,"column":49},"end":{"line":365,"column":50}},"loc":{"start":{"line":365,"column":56},"end":{"line":368,"column":9}},"line":365}},"branchMap":{"0":{"loc":{"start":{"line":44,"column":4},"end":{"line":48,"column":5}},"type":"if","locations":[{"start":{"line":44,"column":4},"end":{"line":48,"column":5}},{"start":{},"end":{}}],"line":44},"1":{"loc":{"start":{"line":46,"column":20},"end":{"line":46,"column":36}},"type":"binary-expr","locations":[{"start":{"line":46,"column":20},"end":{"line":46,"column":30}},{"start":{"line":46,"column":34},"end":{"line":46,"column":36}}],"line":46},"2":{"loc":{"start":{"line":72,"column":24},"end":{"line":72,"column":75}},"type":"cond-expr","locations":[{"start":{"line":72,"column":46},"end":{"line":72,"column":48}},{"start":{"line":72,"column":51},"end":{"line":72,"column":75}}],"line":72},"3":{"loc":{"start":{"line":74,"column":4},"end":{"line":74,"column":26}},"type":"if","locations":[{"start":{"line":74,"column":4},"end":{"line":74,"column":26}},{"start":{},"end":{}}],"line":74},"4":{"loc":{"start":{"line":76,"column":11},"end":{"line":76,"column":64}},"type":"cond-expr","locations":[{"start":{"line":76,"column":31},"end":{"line":76,"column":33}},{"start":{"line":76,"column":36},"end":{"line":76,"column":64}}],"line":76},"5":{"loc":{"start":{"line":81,"column":23},"end":{"line":81,"column":53}},"type":"binary-expr","locations":[{"start":{"line":81,"column":23},"end":{"line":81,"column":47}},{"start":{"line":81,"column":51},"end":{"line":81,"column":53}}],"line":81},"6":{"loc":{"start":{"line":83,"column":4},"end":{"line":86,"column":5}},"type":"if","locations":[{"start":{"line":83,"column":4},"end":{"line":86,"column":5}},{"start":{},"end":{}}],"line":83},"7":{"loc":{"start":{"line":85,"column":6},"end":{"line":85,"column":30}},"type":"if","locations":[{"start":{"line":85,"column":6},"end":{"line":85,"column":30}},{"start":{},"end":{}}],"line":85},"8":{"loc":{"start":{"line":92,"column":2},"end":{"line":92,"column":26}},"type":"if","locations":[{"start":{"line":92,"column":2},"end":{"line":92,"column":26}},{"start":{},"end":{}}],"line":92},"9":{"loc":{"start":{"line":99,"column":4},"end":{"line":101,"column":5}},"type":"if","locations":[{"start":{"line":99,"column":4},"end":{"line":101,"column":5}},{"start":{},"end":{}}],"line":99},"10":{"loc":{"start":{"line":102,"column":4},"end":{"line":102,"column":31}},"type":"if","locations":[{"start":{"line":102,"column":4},"end":{"line":102,"column":31}},{"start":{},"end":{}}],"line":102},"11":{"loc":{"start":{"line":110,"column":2},"end":{"line":122,"column":3}},"type":"if","locations":[{"start":{"line":110,"column":2},"end":{"line":122,"column":3}},{"start":{},"end":{}}],"line":110},"12":{"loc":{"start":{"line":110,"column":6},"end":{"line":110,"column":55}},"type":"binary-expr","locations":[{"start":{"line":110,"column":6},"end":{"line":110,"column":29}},{"start":{"line":110,"column":33},"end":{"line":110,"column":55}}],"line":110},"13":{"loc":{"start":{"line":113,"column":8},"end":{"line":115,"column":22}},"type":"cond-expr","locations":[{"start":{"line":114,"column":12},"end":{"line":114,"column":18}},{"start":{"line":115,"column":12},"end":{"line":115,"column":22}}],"line":113},"14":{"loc":{"start":{"line":127,"column":2},"end":{"line":131,"column":3}},"type":"if","locations":[{"start":{"line":127,"column":2},"end":{"line":131,"column":3}},{"start":{},"end":{}}],"line":127},"15":{"loc":{"start":{"line":128,"column":24},"end":{"line":130,"column":10}},"type":"cond-expr","locations":[{"start":{"line":129,"column":8},"end":{"line":129,"column":61}},{"start":{"line":130,"column":8},"end":{"line":130,"column":10}}],"line":128},"16":{"loc":{"start":{"line":137,"column":2},"end":{"line":137,"column":48}},"type":"if","locations":[{"start":{"line":137,"column":2},"end":{"line":137,"column":48}},{"start":{},"end":{}}],"line":137},"17":{"loc":{"start":{"line":142,"column":2},"end":{"line":154,"column":3}},"type":"if","locations":[{"start":{"line":142,"column":2},"end":{"line":154,"column":3}},{"start":{"line":152,"column":9},"end":{"line":154,"column":3}}],"line":142},"18":{"loc":{"start":{"line":143,"column":4},"end":{"line":144,"column":45}},"type":"binary-expr","locations":[{"start":{"line":143,"column":4},"end":{"line":143,"column":45}},{"start":{"line":144,"column":4},"end":{"line":144,"column":45}}],"line":143},"19":{"loc":{"start":{"line":172,"column":10},"end":{"line":172,"column":41}},"type":"binary-expr","locations":[{"start":{"line":172,"column":10},"end":{"line":172,"column":35}},{"start":{"line":172,"column":39},"end":{"line":172,"column":41}}],"line":172},"20":{"loc":{"start":{"line":173,"column":17},"end":{"line":173,"column":55}},"type":"binary-expr","locations":[{"start":{"line":173,"column":17},"end":{"line":173,"column":49}},{"start":{"line":173,"column":53},"end":{"line":173,"column":55}}],"line":173},"21":{"loc":{"start":{"line":174,"column":14},"end":{"line":174,"column":49}},"type":"binary-expr","locations":[{"start":{"line":174,"column":14},"end":{"line":174,"column":43}},{"start":{"line":174,"column":47},"end":{"line":174,"column":49}}],"line":174},"22":{"loc":{"start":{"line":175,"column":14},"end":{"line":175,"column":55}},"type":"binary-expr","locations":[{"start":{"line":175,"column":14},"end":{"line":175,"column":43}},{"start":{"line":175,"column":47},"end":{"line":175,"column":55}}],"line":175},"23":{"loc":{"start":{"line":182,"column":2},"end":{"line":182,"column":50}},"type":"if","locations":[{"start":{"line":182,"column":2},"end":{"line":182,"column":50}},{"start":{},"end":{}}],"line":182},"24":{"loc":{"start":{"line":186,"column":2},"end":{"line":201,"column":3}},"type":"if","locations":[{"start":{"line":186,"column":2},"end":{"line":201,"column":3}},{"start":{"line":198,"column":9},"end":{"line":201,"column":3}}],"line":186},"25":{"loc":{"start":{"line":190,"column":4},"end":{"line":196,"column":5}},"type":"if","locations":[{"start":{"line":190,"column":4},"end":{"line":196,"column":5}},{"start":{},"end":{}}],"line":190},"26":{"loc":{"start":{"line":210,"column":2},"end":{"line":210,"column":20}},"type":"if","locations":[{"start":{"line":210,"column":2},"end":{"line":210,"column":20}},{"start":{},"end":{}}],"line":210},"27":{"loc":{"start":{"line":217,"column":2},"end":{"line":217,"column":20}},"type":"if","locations":[{"start":{"line":217,"column":2},"end":{"line":217,"column":20}},{"start":{},"end":{}}],"line":217},"28":{"loc":{"start":{"line":227,"column":2},"end":{"line":227,"column":72}},"type":"if","locations":[{"start":{"line":227,"column":2},"end":{"line":227,"column":72}},{"start":{},"end":{}}],"line":227},"29":{"loc":{"start":{"line":228,"column":2},"end":{"line":228,"column":76}},"type":"if","locations":[{"start":{"line":228,"column":2},"end":{"line":228,"column":76}},{"start":{},"end":{}}],"line":228},"30":{"loc":{"start":{"line":229,"column":2},"end":{"line":229,"column":57}},"type":"if","locations":[{"start":{"line":229,"column":2},"end":{"line":229,"column":57}},{"start":{},"end":{}}],"line":229},"31":{"loc":{"start":{"line":233,"column":2},"end":{"line":233,"column":76}},"type":"if","locations":[{"start":{"line":233,"column":2},"end":{"line":233,"column":76}},{"start":{},"end":{}}],"line":233},"32":{"loc":{"start":{"line":244,"column":4},"end":{"line":244,"column":53}},"type":"if","locations":[{"start":{"line":244,"column":4},"end":{"line":244,"column":53}},{"start":{},"end":{}}],"line":244},"33":{"loc":{"start":{"line":257,"column":9},"end":{"line":257,"column":47}},"type":"binary-expr","locations":[{"start":{"line":257,"column":9},"end":{"line":257,"column":26}},{"start":{"line":257,"column":30},"end":{"line":257,"column":47}}],"line":257},"34":{"loc":{"start":{"line":261,"column":2},"end":{"line":270,"column":3}},"type":"switch","locations":[{"start":{"line":262,"column":4},"end":{"line":265,"column":5}},{"start":{"line":266,"column":4},"end":{"line":267,"column":42}},{"start":{"line":268,"column":4},"end":{"line":269,"column":57}}],"line":261},"35":{"loc":{"start":{"line":275,"column":2},"end":{"line":275,"column":33}},"type":"if","locations":[{"start":{"line":275,"column":2},"end":{"line":275,"column":33}},{"start":{},"end":{}}],"line":275},"36":{"loc":{"start":{"line":278,"column":17},"end":{"line":278,"column":58}},"type":"binary-expr","locations":[{"start":{"line":278,"column":17},"end":{"line":278,"column":48}},{"start":{"line":278,"column":52},"end":{"line":278,"column":58}}],"line":278},"37":{"loc":{"start":{"line":318,"column":2},"end":{"line":320,"column":3}},"type":"if","locations":[{"start":{"line":318,"column":2},"end":{"line":320,"column":3}},{"start":{},"end":{}}],"line":318},"38":{"loc":{"start":{"line":323,"column":22},"end":{"line":323,"column":79}},"type":"binary-expr","locations":[{"start":{"line":323,"column":22},"end":{"line":323,"column":63}},{"start":{"line":323,"column":67},"end":{"line":323,"column":79}}],"line":323},"39":{"loc":{"start":{"line":325,"column":2},"end":{"line":376,"column":3}},"type":"switch","locations":[{"start":{"line":326,"column":4},"end":{"line":341,"column":12}},{"start":{"line":343,"column":4},"end":{"line":343,"column":22}},{"start":{"line":344,"column":4},"end":{"line":375,"column":12}}],"line":325},"40":{"loc":{"start":{"line":328,"column":6},"end":{"line":328,"column":29}},"type":"if","locations":[{"start":{"line":328,"column":6},"end":{"line":328,"column":29}},{"start":{},"end":{}}],"line":328},"41":{"loc":{"start":{"line":331,"column":6},"end":{"line":334,"column":7}},"type":"if","locations":[{"start":{"line":331,"column":6},"end":{"line":334,"column":7}},{"start":{},"end":{}}],"line":331},"42":{"loc":{"start":{"line":346,"column":6},"end":{"line":349,"column":7}},"type":"if","locations":[{"start":{"line":346,"column":6},"end":{"line":349,"column":7}},{"start":{},"end":{}}],"line":346},"43":{"loc":{"start":{"line":352,"column":6},"end":{"line":352,"column":44}},"type":"if","locations":[{"start":{"line":352,"column":6},"end":{"line":352,"column":44}},{"start":{},"end":{}}],"line":352},"44":{"loc":{"start":{"line":352,"column":10},"end":{"line":352,"column":35}},"type":"binary-expr","locations":[{"start":{"line":352,"column":10},"end":{"line":352,"column":22}},{"start":{"line":352,"column":26},"end":{"line":352,"column":35}}],"line":352},"45":{"loc":{"start":{"line":364,"column":6},"end":{"line":369,"column":7}},"type":"if","locations":[{"start":{"line":364,"column":6},"end":{"line":369,"column":7}},{"start":{},"end":{}}],"line":364},"46":{"loc":{"start":{"line":372,"column":6},"end":{"line":374,"column":7}},"type":"if","locations":[{"start":{"line":372,"column":6},"end":{"line":374,"column":7}},{"start":{},"end":{}}],"line":372}},"s":{"0":1,"1":1,"2":1,"3":1,"4":4,"5":4,"6":4,"7":3,"8":2,"9":2,"10":1,"11":2,"12":2,"13":3,"14":3,"15":1,"16":1,"17":7,"18":4,"19":1,"20":3,"21":3,"22":13,"23":13,"24":13,"25":11,"26":11,"27":5,"28":8,"29":10,"30":7,"31":3,"32":3,"33":3,"34":4,"35":4,"36":4,"37":3,"38":4,"39":1,"40":3,"41":2,"42":0,"43":0,"44":0,"45":0,"46":0,"47":0,"48":0,"49":0,"50":3,"51":3,"52":3,"53":0,"54":0,"55":0,"56":0,"57":0,"58":0,"59":0,"60":0,"61":0,"62":0,"63":1,"64":1,"65":1,"66":1,"67":0,"68":0,"69":0,"70":2,"71":3,"72":3,"73":3,"74":0,"75":0,"76":0,"77":0,"78":0,"79":0,"80":0,"81":0,"82":0,"83":0,"84":0,"85":0,"86":0,"87":2,"88":1,"89":2,"90":1,"91":1,"92":1,"93":0,"94":0,"95":0,"96":0,"97":0,"98":0,"99":0,"100":0,"101":1,"102":1,"103":0,"104":1,"105":0,"106":1,"107":0,"108":2,"109":1,"110":1,"111":2,"112":1,"113":1,"114":3,"115":3,"116":3,"117":1,"118":2,"119":0,"120":5,"121":5,"122":0,"123":0,"124":0,"125":0,"126":0,"127":9,"128":9,"129":0,"130":0,"131":0,"132":0,"133":0,"134":0,"135":0,"136":0,"137":0,"138":1,"139":0,"140":0,"141":0,"142":0,"143":0,"144":0,"145":0,"146":0,"147":0,"148":0,"149":0,"150":0,"151":0,"152":0,"153":0,"154":0,"155":0,"156":0,"157":0,"158":0,"159":0,"160":0,"161":0,"162":0,"163":0,"164":0,"165":0,"166":0,"167":0,"168":0,"169":0,"170":0,"171":0,"172":0,"173":0,"174":0,"175":0,"176":0,"177":0,"178":0},"f":{"0":4,"1":3,"2":7,"3":4,"4":13,"5":10,"6":4,"7":2,"8":0,"9":0,"10":3,"11":1,"12":2,"13":3,"14":0,"15":2,"16":1,"17":1,"18":2,"19":2,"20":3,"21":5,"22":0,"23":9,"24":0,"25":0,"26":0,"27":0,"28":0,"29":0},"b":{"0":[3,1],"1":[2,1],"2":[4,3],"3":[1,3],"4":[1,2],"5":[13,2],"6":[11,2],"7":[5,6],"8":[7,3],"9":[3,1],"10":[1,3],"11":[0,2],"12":[2,0],"13":[0,0],"14":[0,0],"15":[0,0],"16":[3,0],"17":[0,0],"18":[0,0],"19":[2,1],"20":[2,1],"21":[2,1],"22":[2,1],"23":[3,0],"24":[0,0],"25":[0,0],"26":[1,1],"27":[0,0],"28":[0,1],"29":[0,1],"30":[0,1],"31":[1,1],"32":[1,2],"33":[5,2],"34":[0,0,0],"35":[9,0],"36":[0,0],"37":[0,0],"38":[0,0],"39":[0,0,0],"40":[0,0],"41":[0,0],"42":[0,0],"43":[0,0],"44":[0,0],"45":[0,0],"46":[0,0]},"_coverageSchema":"1a1c01bbd47fc00a2c39e90264f33305004495a9","hash":"c111bb2fde9321829d8ca4669861583f8e60b7f8"}}}
